Analysis & Synthesis report for look_ahead_16bits
Wed Dec 16 12:11:57 2015
Quartus II Version 7.2 Build 151 09/26/2007 SJ Full Version


---------------------
; Table of Contents ;
---------------------
  1. Legal Notice
  2. Analysis & Synthesis Summary
  3. Analysis & Synthesis Settings
  4. Analysis & Synthesis Source Files Read
  5. Analysis & Synthesis Resource Usage Summary
  6. Analysis & Synthesis Resource Utilization by Entity
  7. General Register Statistics
  8. Parameter Settings for User Entity Instance: Top-level Entity: |look_ahead_16bits
  9. Parameter Settings for User Entity Instance: carry_look_ahead:CLA0
 10. Parameter Settings for User Entity Instance: carry_look_ahead:CLA1
 11. Parameter Settings for User Entity Instance: carry_look_ahead:CLA2
 12. Parameter Settings for User Entity Instance: carry_look_ahead:CLA3
 13. Analysis & Synthesis Messages



----------------
; Legal Notice ;
----------------
Copyright (C) 1991-2007 Altera Corporation
Your use of Altera Corporation's design tools, logic functions 
and other software and tools, and its AMPP partner logic 
functions, and any output files from any of the foregoing 
(including device programming or simulation files), and any 
associated documentation or information are expressly subject 
to the terms and conditions of the Altera Program License 
Subscription Agreement, Altera MegaCore Function License 
Agreement, or other applicable license agreement, including, 
without limitation, that your use is for the sole purpose of 
programming logic devices manufactured by Altera and sold by 
Altera or its authorized distributors.  Please refer to the 
applicable agreement for further details.



+-------------------------------------------------------------------------------+
; Analysis & Synthesis Summary                                                  ;
+------------------------------------+------------------------------------------+
; Analysis & Synthesis Status        ; Successful - Wed Dec 16 12:11:57 2015    ;
; Quartus II Version                 ; 7.2 Build 151 09/26/2007 SJ Full Version ;
; Revision Name                      ; look_ahead_16bits                        ;
; Top-level Entity Name              ; look_ahead_16bits                        ;
; Family                             ; Cyclone II                               ;
; Total logic elements               ; 83                                       ;
;     Total combinational functions  ; 83                                       ;
;     Dedicated logic registers      ; 0                                        ;
; Total registers                    ; 0                                        ;
; Total pins                         ; 51                                       ;
; Total virtual pins                 ; 0                                        ;
; Total memory bits                  ; 0                                        ;
; Embedded Multiplier 9-bit elements ; 0                                        ;
; Total PLLs                         ; 0                                        ;
+------------------------------------+------------------------------------------+


+--------------------------------------------------------------------------------------------------------------------------+
; Analysis & Synthesis Settings                                                                                            ;
+--------------------------------------------------------------------------------+--------------------+--------------------+
; Option                                                                         ; Setting            ; Default Value      ;
+--------------------------------------------------------------------------------+--------------------+--------------------+
; Device                                                                         ; EP2C35F672C6       ;                    ;
; Top-level entity name                                                          ; look_ahead_16bits  ; look_ahead_16bits  ;
; Family name                                                                    ; Cyclone II         ; Stratix II         ;
; Use Generated Physical Constraints File                                        ; Off                ;                    ;
; Use smart compilation                                                          ; Off                ; Off                ;
; Maximum processors allowed for parallel compilation                            ; 1                  ; 1                  ;
; Restructure Multiplexers                                                       ; Auto               ; Auto               ;
; Create Debugging Nodes for IP Cores                                            ; Off                ; Off                ;
; Preserve fewer node names                                                      ; On                 ; On                 ;
; Disable OpenCore Plus hardware evaluation                                      ; Off                ; Off                ;
; Verilog Version                                                                ; Verilog_2001       ; Verilog_2001       ;
; VHDL Version                                                                   ; VHDL93             ; VHDL93             ;
; State Machine Processing                                                       ; Auto               ; Auto               ;
; Safe State Machine                                                             ; Off                ; Off                ;
; Extract Verilog State Machines                                                 ; On                 ; On                 ;
; Extract VHDL State Machines                                                    ; On                 ; On                 ;
; Ignore Verilog initial constructs                                              ; Off                ; Off                ;
; Add Pass-Through Logic to Inferred RAMs                                        ; On                 ; On                 ;
; Parallel Synthesis                                                             ; Off                ; Off                ;
; DSP Block Balancing                                                            ; Auto               ; Auto               ;
; NOT Gate Push-Back                                                             ; On                 ; On                 ;
; Power-Up Don't Care                                                            ; On                 ; On                 ;
; Remove Redundant Logic Cells                                                   ; Off                ; Off                ;
; Remove Duplicate Registers                                                     ; On                 ; On                 ;
; Ignore CARRY Buffers                                                           ; Off                ; Off                ;
; Ignore CASCADE Buffers                                                         ; Off                ; Off                ;
; Ignore GLOBAL Buffers                                                          ; Off                ; Off                ;
; Ignore ROW GLOBAL Buffers                                                      ; Off                ; Off                ;
; Ignore LCELL Buffers                                                           ; Off                ; Off                ;
; Ignore SOFT Buffers                                                            ; On                 ; On                 ;
; Limit AHDL Integers to 32 Bits                                                 ; Off                ; Off                ;
; Optimization Technique -- Cyclone II/Cyclone III                               ; Balanced           ; Balanced           ;
; Carry Chain Length -- Stratix/Stratix GX/Cyclone/MAX II/Cyclone II/Cyclone III ; 70                 ; 70                 ;
; Auto Carry Chains                                                              ; On                 ; On                 ;
; Auto Open-Drain Pins                                                           ; On                 ; On                 ;
; Perform WYSIWYG Primitive Resynthesis                                          ; Off                ; Off                ;
; Perform gate-level register retiming                                           ; Off                ; Off                ;
; Allow register retiming to trade off Tsu/Tco with Fmax                         ; On                 ; On                 ;
; Auto ROM Replacement                                                           ; On                 ; On                 ;
; Auto RAM Replacement                                                           ; On                 ; On                 ;
; Auto Shift Register Replacement                                                ; Auto               ; Auto               ;
; Auto Clock Enable Replacement                                                  ; On                 ; On                 ;
; Allow Synchronous Control Signals                                              ; On                 ; On                 ;
; Force Use of Synchronous Clear Signals                                         ; Off                ; Off                ;
; Auto RAM to Logic Cell Conversion                                              ; Off                ; Off                ;
; Auto Resource Sharing                                                          ; Off                ; Off                ;
; Allow Any RAM Size For Recognition                                             ; Off                ; Off                ;
; Allow Any ROM Size For Recognition                                             ; Off                ; Off                ;
; Allow Any Shift Register Size For Recognition                                  ; Off                ; Off                ;
; Ignore translate_off and synthesis_off directives                              ; Off                ; Off                ;
; Show Parameter Settings Tables in Synthesis Report                             ; On                 ; On                 ;
; Ignore Maximum Fan-Out Assignments                                             ; Off                ; Off                ;
; Retiming Meta-Stability Register Sequence Length                               ; 2                  ; 2                  ;
; PowerPlay Power Optimization                                                   ; Normal compilation ; Normal compilation ;
; HDL message level                                                              ; Level2             ; Level2             ;
; Suppress Register Optimization Related Messages                                ; Off                ; Off                ;
; Number of Removed Registers Reported in Synthesis Report                       ; 100                ; 100                ;
; Clock MUX Protection                                                           ; On                 ; On                 ;
; Block Design Naming                                                            ; Auto               ; Auto               ;
+--------------------------------------------------------------------------------+--------------------+--------------------+


+--------------------------------------------------------------------------------------------------------------------------------------------------+
; Analysis & Synthesis Source Files Read                                                                                                           ;
+------------------------------------------+-----------------+-----------------+-------------------------------------------------------------------+
; File Name with User-Entered Path         ; Used in Netlist ; File Type       ; File Name with Absolute Path                                      ;
+------------------------------------------+-----------------+-----------------+-------------------------------------------------------------------+
; ../carry_look_ahead/carry_look_ahead.vhd ; yes             ; User VHDL File  ; D:/Quartus_Tests/askisi_5/carry_look_ahead/carry_look_ahead.vhd   ;
; look_ahead_16bits.vhd                    ; yes             ; User VHDL File  ; D:/Quartus_Tests/askisi_5/look_ahead_16bits/look_ahead_16bits.vhd ;
+------------------------------------------+-----------------+-----------------+-------------------------------------------------------------------+


+-----------------------------------------------------+
; Analysis & Synthesis Resource Usage Summary         ;
+---------------------------------------------+-------+
; Resource                                    ; Usage ;
+---------------------------------------------+-------+
; Estimated Total logic elements              ; 83    ;
;                                             ;       ;
; Total combinational functions               ; 83    ;
; Logic element usage by number of LUT inputs ;       ;
;     -- 4 input functions                    ; 45    ;
;     -- 3 input functions                    ; 31    ;
;     -- <=2 input functions                  ; 7     ;
;                                             ;       ;
; Logic elements by mode                      ;       ;
;     -- normal mode                          ; 83    ;
;     -- arithmetic mode                      ; 0     ;
;                                             ;       ;
; Total registers                             ; 0     ;
;     -- Dedicated logic registers            ; 0     ;
;     -- I/O registers                        ; 0     ;
;                                             ;       ;
; I/O pins                                    ; 51    ;
; Maximum fan-out node                        ; Cin   ;
; Maximum fan-out                             ; 55    ;
; Total fan-out                               ; 305   ;
; Average fan-out                             ; 2.28  ;
+---------------------------------------------+-------+


+--------------------------------------------------------------------------------------------------------------------------------------------------------------------------------------------------+
; Analysis & Synthesis Resource Utilization by Entity                                                                                                                                              ;
+----------------------------+-------------------+--------------+-------------+--------------+---------+-----------+------+--------------+------------------------------------------+--------------+
; Compilation Hierarchy Node ; LC Combinationals ; LC Registers ; Memory Bits ; DSP Elements ; DSP 9x9 ; DSP 18x18 ; Pins ; Virtual Pins ; Full Hierarchy Name                      ; Library Name ;
+----------------------------+-------------------+--------------+-------------+--------------+---------+-----------+------+--------------+------------------------------------------+--------------+
; |look_ahead_16bits         ; 83 (3)            ; 0 (0)        ; 0           ; 0            ; 0       ; 0         ; 51   ; 0            ; |look_ahead_16bits                       ; work         ;
;    |carry_look_ahead:CLA0| ; 18 (18)           ; 0 (0)        ; 0           ; 0            ; 0       ; 0         ; 0    ; 0            ; |look_ahead_16bits|carry_look_ahead:CLA0 ; work         ;
;    |carry_look_ahead:CLA1| ; 20 (20)           ; 0 (0)        ; 0           ; 0            ; 0       ; 0         ; 0    ; 0            ; |look_ahead_16bits|carry_look_ahead:CLA1 ; work         ;
;    |carry_look_ahead:CLA2| ; 19 (19)           ; 0 (0)        ; 0           ; 0            ; 0       ; 0         ; 0    ; 0            ; |look_ahead_16bits|carry_look_ahead:CLA2 ; work         ;
;    |carry_look_ahead:CLA3| ; 23 (23)           ; 0 (0)        ; 0           ; 0            ; 0       ; 0         ; 0    ; 0            ; |look_ahead_16bits|carry_look_ahead:CLA3 ; work         ;
+----------------------------+-------------------+--------------+-------------+--------------+---------+-----------+------+--------------+------------------------------------------+--------------+
Note: For table entries with two numbers listed, the numbers in parentheses indicate the number of resources of the given type used by the specific entity alone. The numbers listed outside of parentheses indicate the total resources of the given type used by the specific entity and all of its sub-entities in the hierarchy.


+------------------------------------------------------+
; General Register Statistics                          ;
+----------------------------------------------+-------+
; Statistic                                    ; Value ;
+----------------------------------------------+-------+
; Total registers                              ; 0     ;
; Number of registers using Synchronous Clear  ; 0     ;
; Number of registers using Synchronous Load   ; 0     ;
; Number of registers using Asynchronous Clear ; 0     ;
; Number of registers using Asynchronous Load  ; 0     ;
; Number of registers using Clock Enable       ; 0     ;
; Number of registers using Preset             ; 0     ;
+----------------------------------------------+-------+


+-----------------------------------------------------------------------------------+
; Parameter Settings for User Entity Instance: Top-level Entity: |look_ahead_16bits ;
+----------------+-------+----------------------------------------------------------+
; Parameter Name ; Value ; Type                                                     ;
+----------------+-------+----------------------------------------------------------+
; m              ; 16    ; Signed Integer                                           ;
+----------------+-------+----------------------------------------------------------+
Note: In order to hide this table in the UI and the text report file, please set the "Show Parameter Settings Tables in Synthesis Report" option in "Analysis and Synthesis Settings -> More Settings" to "Off".


+--------------------------------------------------------------------+
; Parameter Settings for User Entity Instance: carry_look_ahead:CLA0 ;
+----------------+-------+-------------------------------------------+
; Parameter Name ; Value ; Type                                      ;
+----------------+-------+-------------------------------------------+
; n              ; 4     ; Signed Integer                            ;
+----------------+-------+-------------------------------------------+
Note: In order to hide this table in the UI and the text report file, please set the "Show Parameter Settings Tables in Synthesis Report" option in "Analysis and Synthesis Settings -> More Settings" to "Off".


+--------------------------------------------------------------------+
; Parameter Settings for User Entity Instance: carry_look_ahead:CLA1 ;
+----------------+-------+-------------------------------------------+
; Parameter Name ; Value ; Type                                      ;
+----------------+-------+-------------------------------------------+
; n              ; 4     ; Signed Integer                            ;
+----------------+-------+-------------------------------------------+
Note: In order to hide this table in the UI and the text report file, please set the "Show Parameter Settings Tables in Synthesis Report" option in "Analysis and Synthesis Settings -> More Settings" to "Off".


+--------------------------------------------------------------------+
; Parameter Settings for User Entity Instance: carry_look_ahead:CLA2 ;
+----------------+-------+-------------------------------------------+
; Parameter Name ; Value ; Type                                      ;
+----------------+-------+-------------------------------------------+
; n              ; 4     ; Signed Integer                            ;
+----------------+-------+-------------------------------------------+
Note: In order to hide this table in the UI and the text report file, please set the "Show Parameter Settings Tables in Synthesis Report" option in "Analysis and Synthesis Settings -> More Settings" to "Off".


+--------------------------------------------------------------------+
; Parameter Settings for User Entity Instance: carry_look_ahead:CLA3 ;
+----------------+-------+-------------------------------------------+
; Parameter Name ; Value ; Type                                      ;
+----------------+-------+-------------------------------------------+
; n              ; 4     ; Signed Integer                            ;
+----------------+-------+-------------------------------------------+
Note: In order to hide this table in the UI and the text report file, please set the "Show Parameter Settings Tables in Synthesis Report" option in "Analysis and Synthesis Settings -> More Settings" to "Off".


+-------------------------------+
; Analysis & Synthesis Messages ;
+-------------------------------+
Info: *******************************************************************
Info: Running Quartus II Analysis & Synthesis
    Info: Version 7.2 Build 151 09/26/2007 SJ Full Version
    Info: Processing started: Wed Dec 16 12:11:36 2015
Info: Command: quartus_map --read_settings_files=on --write_settings_files=off look_ahead_16bits -c look_ahead_16bits
Info: Found 2 design units, including 1 entities, in source file ../carry_look_ahead/carry_look_ahead.vhd
    Info: Found design unit 1: carry_look_ahead-arc
    Info: Found entity 1: carry_look_ahead
Info: Found 3 design units, including 1 entities, in source file look_ahead_16bits.vhd
    Info: Found design unit 1: cla_4bits
    Info: Found design unit 2: look_ahead_16bits-cla_16bits_arc
    Info: Found entity 1: look_ahead_16bits
Info: Elaborating entity "look_ahead_16bits" for the top level hierarchy
Info: Elaborating entity "carry_look_ahead" for hierarchy "carry_look_ahead:CLA0"
Info: Implemented 134 device resources after synthesis - the final resource count might be different
    Info: Implemented 33 input pins
    Info: Implemented 18 output pins
    Info: Implemented 83 logic cells
Info: Quartus II Analysis & Synthesis was successful. 0 errors, 0 warnings
    Info: Allocated 205 megabytes of memory during processing
    Info: Processing ended: Wed Dec 16 12:11:57 2015
    Info: Elapsed time: 00:00:21


