Simulator report for N_bit_reg
Tue Nov 17 15:25:58 2015
Quartus II Version 7.2 Build 151 09/26/2007 SJ Full Version


---------------------
; Table of Contents ;
---------------------
  1. Legal Notice
  2. Simulator Summary
  3. Simulator Settings
  4. Simulation Waveforms
  5. Coverage Summary
  6. Complete 1/0-Value Coverage
  7. Missing 1-Value Coverage
  8. Missing 0-Value Coverage
  9. Simulator INI Usage
 10. Simulator Messages



----------------
; Legal Notice ;
----------------
Copyright (C) 1991-2007 Altera Corporation
Your use of Altera Corporation's design tools, logic functions 
and other software and tools, and its AMPP partner logic 
functions, and any output files from any of the foregoing 
(including device programming or simulation files), and any 
associated documentation or information are expressly subject 
to the terms and conditions of the Altera Program License 
Subscription Agreement, Altera MegaCore Function License 
Agreement, or other applicable license agreement, including, 
without limitation, that your use is for the sole purpose of 
programming logic devices manufactured by Altera and sold by 
Altera or its authorized distributors.  Please refer to the 
applicable agreement for further details.



+--------------------------------------------+
; Simulator Summary                          ;
+-----------------------------+--------------+
; Type                        ; Value        ;
+-----------------------------+--------------+
; Simulation Start Time       ; 0 ps         ;
; Simulation End Time         ; 1.0 us       ;
; Simulation Netlist Size     ; 26 nodes     ;
; Simulation Coverage         ;     100.00 % ;
; Total Number of Transitions ; 6477         ;
; Simulation Breakpoints      ; 0            ;
; Family                      ; Cyclone II   ;
+-----------------------------+--------------+


+-------------------------------------------------------------------------------------------------------------------------+
; Simulator Settings                                                                                                      ;
+--------------------------------------------------------------------------------------------+------------+---------------+
; Option                                                                                     ; Setting    ; Default Value ;
+--------------------------------------------------------------------------------------------+------------+---------------+
; Simulation mode                                                                            ; Functional ; Timing        ;
; Start time                                                                                 ; 0 ns       ; 0 ns          ;
; Simulation results format                                                                  ; CVWF       ;               ;
; Add pins automatically to simulation output waveforms                                      ; On         ; On            ;
; Check outputs                                                                              ; Off        ; Off           ;
; Report simulation coverage                                                                 ; On         ; On            ;
; Display complete 1/0 value coverage report                                                 ; On         ; On            ;
; Display missing 1-value coverage report                                                    ; On         ; On            ;
; Display missing 0-value coverage report                                                    ; On         ; On            ;
; Detect setup and hold time violations                                                      ; Off        ; Off           ;
; Detect glitches                                                                            ; Off        ; Off           ;
; Disable timing delays in Timing Simulation                                                 ; Off        ; Off           ;
; Generate Signal Activity File                                                              ; Off        ; Off           ;
; Generate VCD File for PowerPlay Power Analyzer                                             ; Off        ; Off           ;
; Group bus channels in simulation results                                                   ; Off        ; Off           ;
; Preserve fewer signal transitions to reduce memory requirements                            ; On         ; On            ;
; Trigger vector comparison with the specified mode                                          ; INPUT_EDGE ; INPUT_EDGE    ;
; Disable setup and hold time violations detection in input registers of bi-directional pins ; Off        ; Off           ;
; Overwrite Waveform Inputs With Simulation Outputs                                          ; Off        ;               ;
; Perform Glitch Filtering in Timing Simulation                                              ; Auto       ; Auto          ;
+--------------------------------------------------------------------------------------------+------------+---------------+


+----------------------+
; Simulation Waveforms ;
+----------------------+
Waveform report data cannot be output to ASCII.
Please use Quartus II to view the waveform report data.


+--------------------------------------------------------------------+
; Coverage Summary                                                   ;
+-----------------------------------------------------+--------------+
; Type                                                ; Value        ;
+-----------------------------------------------------+--------------+
; Total coverage as a percentage                      ;     100.00 % ;
; Total nodes checked                                 ; 26           ;
; Total output ports checked                          ; 26           ;
; Total output ports with complete 1/0-value coverage ; 26           ;
; Total output ports with no 1/0-value coverage       ; 0            ;
; Total output ports with no 1-value coverage         ; 0            ;
; Total output ports with no 0-value coverage         ; 0            ;
+-----------------------------------------------------+--------------+


The following table displays output ports that toggle between 1 and 0 during simulation.
+----------------------------------------------------------------------------+
; Complete 1/0-Value Coverage                                                ;
+----------------------------+----------------------------+------------------+
; Node Name                  ; Output Port Name           ; Output Port Type ;
+----------------------------+----------------------------+------------------+
; |N_bit_reg|data[0]         ; |N_bit_reg|data[0]         ; out              ;
; |N_bit_reg|data[1]         ; |N_bit_reg|data[1]         ; out              ;
; |N_bit_reg|data[2]         ; |N_bit_reg|data[2]         ; out              ;
; |N_bit_reg|data[3]         ; |N_bit_reg|data[3]         ; out              ;
; |N_bit_reg|data[4]         ; |N_bit_reg|data[4]         ; out              ;
; |N_bit_reg|data[5]         ; |N_bit_reg|data[5]         ; out              ;
; |N_bit_reg|data[6]         ; |N_bit_reg|data[6]         ; out              ;
; |N_bit_reg|data[7]         ; |N_bit_reg|data[7]         ; out              ;
; |N_bit_reg|clock           ; |N_bit_reg|clock           ; out              ;
; |N_bit_reg|reset           ; |N_bit_reg|reset           ; out              ;
; |N_bit_reg|Q[0]            ; |N_bit_reg|Q[0]            ; pin_out          ;
; |N_bit_reg|Q[1]            ; |N_bit_reg|Q[1]            ; pin_out          ;
; |N_bit_reg|Q[2]            ; |N_bit_reg|Q[2]            ; pin_out          ;
; |N_bit_reg|Q[3]            ; |N_bit_reg|Q[3]            ; pin_out          ;
; |N_bit_reg|Q[4]            ; |N_bit_reg|Q[4]            ; pin_out          ;
; |N_bit_reg|Q[5]            ; |N_bit_reg|Q[5]            ; pin_out          ;
; |N_bit_reg|Q[6]            ; |N_bit_reg|Q[6]            ; pin_out          ;
; |N_bit_reg|Q[7]            ; |N_bit_reg|Q[7]            ; pin_out          ;
; |N_bit_reg|D_FF:\F:7:DFF|q ; |N_bit_reg|D_FF:\F:7:DFF|q ; regout           ;
; |N_bit_reg|D_FF:\F:6:DFF|q ; |N_bit_reg|D_FF:\F:6:DFF|q ; regout           ;
; |N_bit_reg|D_FF:\F:5:DFF|q ; |N_bit_reg|D_FF:\F:5:DFF|q ; regout           ;
; |N_bit_reg|D_FF:\F:4:DFF|q ; |N_bit_reg|D_FF:\F:4:DFF|q ; regout           ;
; |N_bit_reg|D_FF:\F:3:DFF|q ; |N_bit_reg|D_FF:\F:3:DFF|q ; regout           ;
; |N_bit_reg|D_FF:\F:2:DFF|q ; |N_bit_reg|D_FF:\F:2:DFF|q ; regout           ;
; |N_bit_reg|D_FF:\F:1:DFF|q ; |N_bit_reg|D_FF:\F:1:DFF|q ; regout           ;
; |N_bit_reg|D_FF:\F:0:DFF|q ; |N_bit_reg|D_FF:\F:0:DFF|q ; regout           ;
+----------------------------+----------------------------+------------------+


The following table displays output ports that do not toggle to 1 during simulation.
+-------------------------------------------------+
; Missing 1-Value Coverage                        ;
+-----------+------------------+------------------+
; Node Name ; Output Port Name ; Output Port Type ;
+-----------+------------------+------------------+


The following table displays output ports that do not toggle to 0 during simulation.
+-------------------------------------------------+
; Missing 0-Value Coverage                        ;
+-----------+------------------+------------------+
; Node Name ; Output Port Name ; Output Port Type ;
+-----------+------------------+------------------+


+---------------------+
; Simulator INI Usage ;
+--------+------------+
; Option ; Usage      ;
+--------+------------+


+--------------------+
; Simulator Messages ;
+--------------------+
Info: *******************************************************************
Info: Running Quartus II Simulator
    Info: Version 7.2 Build 151 09/26/2007 SJ Full Version
    Info: Processing started: Tue Nov 17 15:25:09 2015
Info: Command: quartus_sim --read_settings_files=on --write_settings_files=off N_bit_reg -c N_bit_reg
Info: Using vector source file "D:/Quartus_Tests/askisi_3/N_bit_reg/N_bit_reg.vwf"
Info: Option to preserve fewer signal transitions to reduce memory requirements is enabled
    Info: Simulation has been partitioned into sub-simulations according to the maximum transition count determined by the engine. Transitions from memory will be flushed out to disk at the end of each sub-simulation to reduce memory requirements.
Warning: Found clock-sensitive change during active clock edge at time 4.0 ns on register "|N_bit_reg|D_FF:\F:7:DFF|q"
Warning: Found clock-sensitive change during active clock edge at time 4.0 ns on register "|N_bit_reg|D_FF:\F:6:DFF|q"
Warning: Found clock-sensitive change during active clock edge at time 4.0 ns on register "|N_bit_reg|D_FF:\F:5:DFF|q"
Warning: Found clock-sensitive change during active clock edge at time 4.0 ns on register "|N_bit_reg|D_FF:\F:4:DFF|q"
Warning: Found clock-sensitive change during active clock edge at time 4.0 ns on register "|N_bit_reg|D_FF:\F:3:DFF|q"
Warning: Found clock-sensitive change during active clock edge at time 4.0 ns on register "|N_bit_reg|D_FF:\F:2:DFF|q"
Warning: Found clock-sensitive change during active clock edge at time 4.0 ns on register "|N_bit_reg|D_FF:\F:1:DFF|q"
Warning: Found clock-sensitive change during active clock edge at time 4.0 ns on register "|N_bit_reg|D_FF:\F:0:DFF|q"
Info: Simulation partitioned into 1 sub-simulations
Info: Simulation coverage is     100.00 %
Info: Number of transitions in simulation is 6477
Info: Quartus II Simulator was successful. 0 errors, 8 warnings
    Info: Allocated 143 megabytes of memory during processing
    Info: Processing ended: Tue Nov 17 15:25:58 2015
    Info: Elapsed time: 00:00:49


