Analysis & Synthesis report for serial_adder_subtractor
Sat Dec 05 18:56:17 2015
Quartus II Version 7.2 Build 151 09/26/2007 SJ Full Version


---------------------
; Table of Contents ;
---------------------
  1. Legal Notice
  2. Analysis & Synthesis Summary
  3. Analysis & Synthesis Settings
  4. Analysis & Synthesis Source Files Read
  5. Analysis & Synthesis Resource Usage Summary
  6. Analysis & Synthesis Resource Utilization by Entity
  7. General Register Statistics
  8. Inverted Register Statistics
  9. Parameter Settings for User Entity Instance: Top-level Entity: |serial_adder_subtractor
 10. Parameter Settings for User Entity Instance: shift_reg_str:REG_A
 11. Parameter Settings for User Entity Instance: shift_reg_str:REG_B
 12. Parameter Settings for User Entity Instance: shift_reg_str:REG_SUM
 13. Analysis & Synthesis Messages



----------------
; Legal Notice ;
----------------
Copyright (C) 1991-2007 Altera Corporation
Your use of Altera Corporation's design tools, logic functions 
and other software and tools, and its AMPP partner logic 
functions, and any output files from any of the foregoing 
(including device programming or simulation files), and any 
associated documentation or information are expressly subject 
to the terms and conditions of the Altera Program License 
Subscription Agreement, Altera MegaCore Function License 
Agreement, or other applicable license agreement, including, 
without limitation, that your use is for the sole purpose of 
programming logic devices manufactured by Altera and sold by 
Altera or its authorized distributors.  Please refer to the 
applicable agreement for further details.



+-------------------------------------------------------------------------------+
; Analysis & Synthesis Summary                                                  ;
+------------------------------------+------------------------------------------+
; Analysis & Synthesis Status        ; Successful - Sat Dec 05 18:56:17 2015    ;
; Quartus II Version                 ; 7.2 Build 151 09/26/2007 SJ Full Version ;
; Revision Name                      ; serial_adder_subtractor                  ;
; Top-level Entity Name              ; serial_adder_subtractor                  ;
; Family                             ; Cyclone II                               ;
; Total logic elements               ; 17                                       ;
;     Total combinational functions  ; 17                                       ;
;     Dedicated logic registers      ; 16                                       ;
; Total registers                    ; 16                                       ;
; Total pins                         ; 23                                       ;
; Total virtual pins                 ; 0                                        ;
; Total memory bits                  ; 0                                        ;
; Embedded Multiplier 9-bit elements ; 0                                        ;
; Total PLLs                         ; 0                                        ;
+------------------------------------+------------------------------------------+


+------------------------------------------------------------------------------------------------------------------------------------+
; Analysis & Synthesis Settings                                                                                                      ;
+--------------------------------------------------------------------------------+-------------------------+-------------------------+
; Option                                                                         ; Setting                 ; Default Value           ;
+--------------------------------------------------------------------------------+-------------------------+-------------------------+
; Device                                                                         ; EP2C35F672C7            ;                         ;
; Top-level entity name                                                          ; serial_adder_subtractor ; serial_adder_subtractor ;
; Family name                                                                    ; Cyclone II              ; Stratix II              ;
; Use Generated Physical Constraints File                                        ; Off                     ;                         ;
; Use smart compilation                                                          ; Off                     ; Off                     ;
; Maximum processors allowed for parallel compilation                            ; 1                       ; 1                       ;
; Restructure Multiplexers                                                       ; Auto                    ; Auto                    ;
; Create Debugging Nodes for IP Cores                                            ; Off                     ; Off                     ;
; Preserve fewer node names                                                      ; On                      ; On                      ;
; Disable OpenCore Plus hardware evaluation                                      ; Off                     ; Off                     ;
; Verilog Version                                                                ; Verilog_2001            ; Verilog_2001            ;
; VHDL Version                                                                   ; VHDL93                  ; VHDL93                  ;
; State Machine Processing                                                       ; Auto                    ; Auto                    ;
; Safe State Machine                                                             ; Off                     ; Off                     ;
; Extract Verilog State Machines                                                 ; On                      ; On                      ;
; Extract VHDL State Machines                                                    ; On                      ; On                      ;
; Ignore Verilog initial constructs                                              ; Off                     ; Off                     ;
; Add Pass-Through Logic to Inferred RAMs                                        ; On                      ; On                      ;
; Parallel Synthesis                                                             ; Off                     ; Off                     ;
; DSP Block Balancing                                                            ; Auto                    ; Auto                    ;
; NOT Gate Push-Back                                                             ; On                      ; On                      ;
; Power-Up Don't Care                                                            ; On                      ; On                      ;
; Remove Redundant Logic Cells                                                   ; Off                     ; Off                     ;
; Remove Duplicate Registers                                                     ; On                      ; On                      ;
; Ignore CARRY Buffers                                                           ; Off                     ; Off                     ;
; Ignore CASCADE Buffers                                                         ; Off                     ; Off                     ;
; Ignore GLOBAL Buffers                                                          ; Off                     ; Off                     ;
; Ignore ROW GLOBAL Buffers                                                      ; Off                     ; Off                     ;
; Ignore LCELL Buffers                                                           ; Off                     ; Off                     ;
; Ignore SOFT Buffers                                                            ; On                      ; On                      ;
; Limit AHDL Integers to 32 Bits                                                 ; Off                     ; Off                     ;
; Optimization Technique -- Cyclone II/Cyclone III                               ; Balanced                ; Balanced                ;
; Carry Chain Length -- Stratix/Stratix GX/Cyclone/MAX II/Cyclone II/Cyclone III ; 70                      ; 70                      ;
; Auto Carry Chains                                                              ; On                      ; On                      ;
; Auto Open-Drain Pins                                                           ; On                      ; On                      ;
; Perform WYSIWYG Primitive Resynthesis                                          ; Off                     ; Off                     ;
; Perform gate-level register retiming                                           ; Off                     ; Off                     ;
; Allow register retiming to trade off Tsu/Tco with Fmax                         ; On                      ; On                      ;
; Auto ROM Replacement                                                           ; On                      ; On                      ;
; Auto RAM Replacement                                                           ; On                      ; On                      ;
; Auto Shift Register Replacement                                                ; Auto                    ; Auto                    ;
; Auto Clock Enable Replacement                                                  ; On                      ; On                      ;
; Allow Synchronous Control Signals                                              ; On                      ; On                      ;
; Force Use of Synchronous Clear Signals                                         ; Off                     ; Off                     ;
; Auto RAM to Logic Cell Conversion                                              ; Off                     ; Off                     ;
; Auto Resource Sharing                                                          ; Off                     ; Off                     ;
; Allow Any RAM Size For Recognition                                             ; Off                     ; Off                     ;
; Allow Any ROM Size For Recognition                                             ; Off                     ; Off                     ;
; Allow Any Shift Register Size For Recognition                                  ; Off                     ; Off                     ;
; Ignore translate_off and synthesis_off directives                              ; Off                     ; Off                     ;
; Show Parameter Settings Tables in Synthesis Report                             ; On                      ; On                      ;
; Ignore Maximum Fan-Out Assignments                                             ; Off                     ; Off                     ;
; Retiming Meta-Stability Register Sequence Length                               ; 2                       ; 2                       ;
; PowerPlay Power Optimization                                                   ; Normal compilation      ; Normal compilation      ;
; HDL message level                                                              ; Level2                  ; Level2                  ;
; Suppress Register Optimization Related Messages                                ; Off                     ; Off                     ;
; Number of Removed Registers Reported in Synthesis Report                       ; 100                     ; 100                     ;
; Clock MUX Protection                                                           ; On                      ; On                      ;
; Block Design Naming                                                            ; Auto                    ; Auto                    ;
+--------------------------------------------------------------------------------+-------------------------+-------------------------+


+--------------------------------------------------------------------------------------------------------------------------------------------------------+
; Analysis & Synthesis Source Files Read                                                                                                                 ;
+------------------------------------+-----------------+-----------------+-------------------------------------------------------------------------------+
; File Name with User-Entered Path   ; Used in Netlist ; File Type       ; File Name with Absolute Path                                                  ;
+------------------------------------+-----------------+-----------------+-------------------------------------------------------------------------------+
; ../Full_Adder/Full_Adder.vhd       ; yes             ; User VHDL File  ; D:/Quartus_Tests/askisi_4/Full_Adder/Full_Adder.vhd                           ;
; ../shift_reg_str/shift_reg_str.vhd ; yes             ; User VHDL File  ; D:/Quartus_Tests/askisi_4/shift_reg_str/shift_reg_str.vhd                     ;
; serial_adder_subtractor.vhd        ; yes             ; User VHDL File  ; D:/Quartus_Tests/askisi_4/serial_adder_subtractor/serial_adder_subtractor.vhd ;
+------------------------------------+-----------------+-----------------+-------------------------------------------------------------------------------+


+-----------------------------------------------------+
; Analysis & Synthesis Resource Usage Summary         ;
+---------------------------------------------+-------+
; Resource                                    ; Usage ;
+---------------------------------------------+-------+
; Estimated Total logic elements              ; 17    ;
;                                             ;       ;
; Total combinational functions               ; 17    ;
; Logic element usage by number of LUT inputs ;       ;
;     -- 4 input functions                    ; 2     ;
;     -- 3 input functions                    ; 10    ;
;     -- <=2 input functions                  ; 5     ;
;                                             ;       ;
; Logic elements by mode                      ;       ;
;     -- normal mode                          ; 17    ;
;     -- arithmetic mode                      ; 0     ;
;                                             ;       ;
; Total registers                             ; 16    ;
;     -- Dedicated logic registers            ; 16    ;
;     -- I/O registers                        ; 0     ;
;                                             ;       ;
; I/O pins                                    ; 23    ;
; Maximum fan-out node                        ; RESET ;
; Maximum fan-out                             ; 16    ;
; Total fan-out                               ; 111   ;
; Average fan-out                             ; 1.98  ;
+---------------------------------------------+-------+


+----------------------------------------------------------------------------------------------------------------------------------------------------------------------------------------------------------------------+
; Analysis & Synthesis Resource Utilization by Entity                                                                                                                                                                  ;
+----------------------------+-------------------+--------------+-------------+--------------+---------+-----------+------+--------------+--------------------------------------------------------------+--------------+
; Compilation Hierarchy Node ; LC Combinationals ; LC Registers ; Memory Bits ; DSP Elements ; DSP 9x9 ; DSP 18x18 ; Pins ; Virtual Pins ; Full Hierarchy Name                                          ; Library Name ;
+----------------------------+-------------------+--------------+-------------+--------------+---------+-----------+------+--------------+--------------------------------------------------------------+--------------+
; |serial_adder_subtractor   ; 17 (4)            ; 16 (3)       ; 0           ; 0            ; 0       ; 0         ; 23   ; 0            ; |serial_adder_subtractor                                     ; work         ;
;    |D_FF:D_FLIP_FLOP|      ; 0 (0)             ; 1 (1)        ; 0           ; 0            ; 0       ; 0         ; 0    ; 0            ; |serial_adder_subtractor|D_FF:D_FLIP_FLOP                    ; work         ;
;    |Full_Adder:F_A|        ; 2 (2)             ; 0 (0)        ; 0           ; 0            ; 0       ; 0         ; 0    ; 0            ; |serial_adder_subtractor|Full_Adder:F_A                      ; work         ;
;    |shift_reg_str:REG_A|   ; 4 (0)             ; 4 (0)        ; 0           ; 0            ; 0       ; 0         ; 0    ; 0            ; |serial_adder_subtractor|shift_reg_str:REG_A                 ; work         ;
;       |D_FF:\X:0:DFF|      ; 1 (1)             ; 1 (1)        ; 0           ; 0            ; 0       ; 0         ; 0    ; 0            ; |serial_adder_subtractor|shift_reg_str:REG_A|D_FF:\X:0:DFF   ; work         ;
;       |D_FF:\X:1:DFF|      ; 1 (1)             ; 1 (1)        ; 0           ; 0            ; 0       ; 0         ; 0    ; 0            ; |serial_adder_subtractor|shift_reg_str:REG_A|D_FF:\X:1:DFF   ; work         ;
;       |D_FF:\X:2:DFF|      ; 1 (1)             ; 1 (1)        ; 0           ; 0            ; 0       ; 0         ; 0    ; 0            ; |serial_adder_subtractor|shift_reg_str:REG_A|D_FF:\X:2:DFF   ; work         ;
;       |D_FF:\X:3:DFF|      ; 1 (1)             ; 1 (1)        ; 0           ; 0            ; 0       ; 0         ; 0    ; 0            ; |serial_adder_subtractor|shift_reg_str:REG_A|D_FF:\X:3:DFF   ; work         ;
;    |shift_reg_str:REG_B|   ; 4 (0)             ; 4 (0)        ; 0           ; 0            ; 0       ; 0         ; 0    ; 0            ; |serial_adder_subtractor|shift_reg_str:REG_B                 ; work         ;
;       |D_FF:\X:0:DFF|      ; 1 (1)             ; 1 (1)        ; 0           ; 0            ; 0       ; 0         ; 0    ; 0            ; |serial_adder_subtractor|shift_reg_str:REG_B|D_FF:\X:0:DFF   ; work         ;
;       |D_FF:\X:1:DFF|      ; 1 (1)             ; 1 (1)        ; 0           ; 0            ; 0       ; 0         ; 0    ; 0            ; |serial_adder_subtractor|shift_reg_str:REG_B|D_FF:\X:1:DFF   ; work         ;
;       |D_FF:\X:2:DFF|      ; 1 (1)             ; 1 (1)        ; 0           ; 0            ; 0       ; 0         ; 0    ; 0            ; |serial_adder_subtractor|shift_reg_str:REG_B|D_FF:\X:2:DFF   ; work         ;
;       |D_FF:\X:3:DFF|      ; 1 (1)             ; 1 (1)        ; 0           ; 0            ; 0       ; 0         ; 0    ; 0            ; |serial_adder_subtractor|shift_reg_str:REG_B|D_FF:\X:3:DFF   ; work         ;
;    |shift_reg_str:REG_SUM| ; 3 (0)             ; 4 (0)        ; 0           ; 0            ; 0       ; 0         ; 0    ; 0            ; |serial_adder_subtractor|shift_reg_str:REG_SUM               ; work         ;
;       |D_FF:\X:0:DFF|      ; 1 (1)             ; 1 (1)        ; 0           ; 0            ; 0       ; 0         ; 0    ; 0            ; |serial_adder_subtractor|shift_reg_str:REG_SUM|D_FF:\X:0:DFF ; work         ;
;       |D_FF:\X:1:DFF|      ; 1 (1)             ; 1 (1)        ; 0           ; 0            ; 0       ; 0         ; 0    ; 0            ; |serial_adder_subtractor|shift_reg_str:REG_SUM|D_FF:\X:1:DFF ; work         ;
;       |D_FF:\X:2:DFF|      ; 1 (1)             ; 1 (1)        ; 0           ; 0            ; 0       ; 0         ; 0    ; 0            ; |serial_adder_subtractor|shift_reg_str:REG_SUM|D_FF:\X:2:DFF ; work         ;
;       |D_FF:\X:3:DFF|      ; 0 (0)             ; 1 (1)        ; 0           ; 0            ; 0       ; 0         ; 0    ; 0            ; |serial_adder_subtractor|shift_reg_str:REG_SUM|D_FF:\X:3:DFF ; work         ;
+----------------------------+-------------------+--------------+-------------+--------------+---------+-----------+------+--------------+--------------------------------------------------------------+--------------+
Note: For table entries with two numbers listed, the numbers in parentheses indicate the number of resources of the given type used by the specific entity alone. The numbers listed outside of parentheses indicate the total resources of the given type used by the specific entity and all of its sub-entities in the hierarchy.


+------------------------------------------------------+
; General Register Statistics                          ;
+----------------------------------------------+-------+
; Statistic                                    ; Value ;
+----------------------------------------------+-------+
; Total registers                              ; 16    ;
; Number of registers using Synchronous Clear  ; 1     ;
; Number of registers using Synchronous Load   ; 1     ;
; Number of registers using Asynchronous Clear ; 3     ;
; Number of registers using Asynchronous Load  ; 0     ;
; Number of registers using Clock Enable       ; 13    ;
; Number of registers using Preset             ; 0     ;
+----------------------------------------------+-------+


+--------------------------------------------------+
; Inverted Register Statistics                     ;
+----------------------------------------+---------+
; Inverted Register                      ; Fan out ;
+----------------------------------------+---------+
; count[2]                               ; 4       ;
; Total number of inverted registers = 1 ;         ;
+----------------------------------------+---------+


+-----------------------------------------------------------------------------------------+
; Parameter Settings for User Entity Instance: Top-level Entity: |serial_adder_subtractor ;
+----------------+-------+----------------------------------------------------------------+
; Parameter Name ; Value ; Type                                                           ;
+----------------+-------+----------------------------------------------------------------+
; n              ; 4     ; Signed Integer                                                 ;
+----------------+-------+----------------------------------------------------------------+
Note: In order to hide this table in the UI and the text report file, please set the "Show Parameter Settings Tables in Synthesis Report" option in "Analysis and Synthesis Settings -> More Settings" to "Off".


+------------------------------------------------------------------+
; Parameter Settings for User Entity Instance: shift_reg_str:REG_A ;
+----------------+-------+-----------------------------------------+
; Parameter Name ; Value ; Type                                    ;
+----------------+-------+-----------------------------------------+
; n              ; 4     ; Signed Integer                          ;
+----------------+-------+-----------------------------------------+
Note: In order to hide this table in the UI and the text report file, please set the "Show Parameter Settings Tables in Synthesis Report" option in "Analysis and Synthesis Settings -> More Settings" to "Off".


+------------------------------------------------------------------+
; Parameter Settings for User Entity Instance: shift_reg_str:REG_B ;
+----------------+-------+-----------------------------------------+
; Parameter Name ; Value ; Type                                    ;
+----------------+-------+-----------------------------------------+
; n              ; 4     ; Signed Integer                          ;
+----------------+-------+-----------------------------------------+
Note: In order to hide this table in the UI and the text report file, please set the "Show Parameter Settings Tables in Synthesis Report" option in "Analysis and Synthesis Settings -> More Settings" to "Off".


+--------------------------------------------------------------------+
; Parameter Settings for User Entity Instance: shift_reg_str:REG_SUM ;
+----------------+-------+-------------------------------------------+
; Parameter Name ; Value ; Type                                      ;
+----------------+-------+-------------------------------------------+
; n              ; 4     ; Signed Integer                            ;
+----------------+-------+-------------------------------------------+
Note: In order to hide this table in the UI and the text report file, please set the "Show Parameter Settings Tables in Synthesis Report" option in "Analysis and Synthesis Settings -> More Settings" to "Off".


+-------------------------------+
; Analysis & Synthesis Messages ;
+-------------------------------+
Info: *******************************************************************
Info: Running Quartus II Analysis & Synthesis
    Info: Version 7.2 Build 151 09/26/2007 SJ Full Version
    Info: Processing started: Sat Dec 05 18:55:55 2015
Info: Command: quartus_map --read_settings_files=on --write_settings_files=off serial_adder_subtractor -c serial_adder_subtractor
Info: Found 2 design units, including 1 entities, in source file ../Full_Adder/Full_Adder.vhd
    Info: Found design unit 1: Full_Adder-fa_arc
    Info: Found entity 1: Full_Adder
Info: Found 4 design units, including 2 entities, in source file ../shift_reg_str/shift_reg_str.vhd
    Info: Found design unit 1: D_FF-arc
    Info: Found design unit 2: shift_reg_str-struct
    Info: Found entity 1: D_FF
    Info: Found entity 2: shift_reg_str
Info: Found 3 design units, including 1 entities, in source file serial_adder_subtractor.vhd
    Info: Found design unit 1: my_pkg
    Info: Found design unit 2: serial_adder_subtractor-struct
    Info: Found entity 1: serial_adder_subtractor
Info: Elaborating entity "serial_adder_subtractor" for the top level hierarchy
Info: Elaborating entity "shift_reg_str" for hierarchy "shift_reg_str:REG_A"
Info: Elaborating entity "D_FF" for hierarchy "shift_reg_str:REG_A|D_FF:\X:3:DFF"
Info: Elaborating entity "Full_Adder" for hierarchy "Full_Adder:F_A"
Info: Registers with preset signals will power-up high
Info: DEV_CLRn pin will set, and not reset, register with preset signal due to NOT Gate Push-Back
Critical Warning: Ignored Power-Up Level option on the following registers
    Critical Warning: Register count[2] will power up to High
Info: Implemented 40 device resources after synthesis - the final resource count might be different
    Info: Implemented 11 input pins
    Info: Implemented 12 output pins
    Info: Implemented 17 logic cells
Info: Quartus II Analysis & Synthesis was successful. 0 errors, 2 warnings
    Info: Allocated 212 megabytes of memory during processing
    Info: Processing ended: Sat Dec 05 18:56:17 2015
    Info: Elapsed time: 00:00:22


