Analysis & Synthesis report for presettable_up_down_counter
Sat Dec 19 18:41:29 2015
Quartus II Version 7.2 Build 151 09/26/2007 SJ Full Version


---------------------
; Table of Contents ;
---------------------
  1. Legal Notice
  2. Analysis & Synthesis Summary
  3. Analysis & Synthesis Settings
  4. Analysis & Synthesis Source Files Read
  5. Analysis & Synthesis Resource Usage Summary
  6. Analysis & Synthesis Resource Utilization by Entity
  7. General Register Statistics
  8. Parameter Settings for User Entity Instance: Top-level Entity: |presettable_up_down_counter
  9. Analysis & Synthesis Messages



----------------
; Legal Notice ;
----------------
Copyright (C) 1991-2007 Altera Corporation
Your use of Altera Corporation's design tools, logic functions 
and other software and tools, and its AMPP partner logic 
functions, and any output files from any of the foregoing 
(including device programming or simulation files), and any 
associated documentation or information are expressly subject 
to the terms and conditions of the Altera Program License 
Subscription Agreement, Altera MegaCore Function License 
Agreement, or other applicable license agreement, including, 
without limitation, that your use is for the sole purpose of 
programming logic devices manufactured by Altera and sold by 
Altera or its authorized distributors.  Please refer to the 
applicable agreement for further details.



+-------------------------------------------------------------------------------+
; Analysis & Synthesis Summary                                                  ;
+------------------------------------+------------------------------------------+
; Analysis & Synthesis Status        ; Successful - Sat Dec 19 18:41:29 2015    ;
; Quartus II Version                 ; 7.2 Build 151 09/26/2007 SJ Full Version ;
; Revision Name                      ; presettable_up_down_counter              ;
; Top-level Entity Name              ; presettable_up_down_counter              ;
; Family                             ; Cyclone II                               ;
; Total logic elements               ; 83                                       ;
;     Total combinational functions  ; 83                                       ;
;     Dedicated logic registers      ; 16                                       ;
; Total registers                    ; 16                                       ;
; Total pins                         ; 37                                       ;
; Total virtual pins                 ; 0                                        ;
; Total memory bits                  ; 0                                        ;
; Embedded Multiplier 9-bit elements ; 0                                        ;
; Total PLLs                         ; 0                                        ;
+------------------------------------+------------------------------------------+


+--------------------------------------------------------------------------------------------------------------------------------------------+
; Analysis & Synthesis Settings                                                                                                              ;
+--------------------------------------------------------------------------------+-----------------------------+-----------------------------+
; Option                                                                         ; Setting                     ; Default Value               ;
+--------------------------------------------------------------------------------+-----------------------------+-----------------------------+
; Device                                                                         ; EP2C35F672C6                ;                             ;
; Top-level entity name                                                          ; presettable_up_down_counter ; presettable_up_down_counter ;
; Family name                                                                    ; Cyclone II                  ; Stratix II                  ;
; Use Generated Physical Constraints File                                        ; Off                         ;                             ;
; Use smart compilation                                                          ; Off                         ; Off                         ;
; Maximum processors allowed for parallel compilation                            ; 1                           ; 1                           ;
; Restructure Multiplexers                                                       ; Auto                        ; Auto                        ;
; Create Debugging Nodes for IP Cores                                            ; Off                         ; Off                         ;
; Preserve fewer node names                                                      ; On                          ; On                          ;
; Disable OpenCore Plus hardware evaluation                                      ; Off                         ; Off                         ;
; Verilog Version                                                                ; Verilog_2001                ; Verilog_2001                ;
; VHDL Version                                                                   ; VHDL93                      ; VHDL93                      ;
; State Machine Processing                                                       ; Auto                        ; Auto                        ;
; Safe State Machine                                                             ; Off                         ; Off                         ;
; Extract Verilog State Machines                                                 ; On                          ; On                          ;
; Extract VHDL State Machines                                                    ; On                          ; On                          ;
; Ignore Verilog initial constructs                                              ; Off                         ; Off                         ;
; Add Pass-Through Logic to Inferred RAMs                                        ; On                          ; On                          ;
; Parallel Synthesis                                                             ; Off                         ; Off                         ;
; DSP Block Balancing                                                            ; Auto                        ; Auto                        ;
; NOT Gate Push-Back                                                             ; On                          ; On                          ;
; Power-Up Don't Care                                                            ; On                          ; On                          ;
; Remove Redundant Logic Cells                                                   ; Off                         ; Off                         ;
; Remove Duplicate Registers                                                     ; On                          ; On                          ;
; Ignore CARRY Buffers                                                           ; Off                         ; Off                         ;
; Ignore CASCADE Buffers                                                         ; Off                         ; Off                         ;
; Ignore GLOBAL Buffers                                                          ; Off                         ; Off                         ;
; Ignore ROW GLOBAL Buffers                                                      ; Off                         ; Off                         ;
; Ignore LCELL Buffers                                                           ; Off                         ; Off                         ;
; Ignore SOFT Buffers                                                            ; On                          ; On                          ;
; Limit AHDL Integers to 32 Bits                                                 ; Off                         ; Off                         ;
; Optimization Technique -- Cyclone II/Cyclone III                               ; Balanced                    ; Balanced                    ;
; Carry Chain Length -- Stratix/Stratix GX/Cyclone/MAX II/Cyclone II/Cyclone III ; 70                          ; 70                          ;
; Auto Carry Chains                                                              ; On                          ; On                          ;
; Auto Open-Drain Pins                                                           ; On                          ; On                          ;
; Perform WYSIWYG Primitive Resynthesis                                          ; Off                         ; Off                         ;
; Perform gate-level register retiming                                           ; Off                         ; Off                         ;
; Allow register retiming to trade off Tsu/Tco with Fmax                         ; On                          ; On                          ;
; Auto ROM Replacement                                                           ; On                          ; On                          ;
; Auto RAM Replacement                                                           ; On                          ; On                          ;
; Auto Shift Register Replacement                                                ; Auto                        ; Auto                        ;
; Auto Clock Enable Replacement                                                  ; On                          ; On                          ;
; Allow Synchronous Control Signals                                              ; On                          ; On                          ;
; Force Use of Synchronous Clear Signals                                         ; Off                         ; Off                         ;
; Auto RAM to Logic Cell Conversion                                              ; Off                         ; Off                         ;
; Auto Resource Sharing                                                          ; Off                         ; Off                         ;
; Allow Any RAM Size For Recognition                                             ; Off                         ; Off                         ;
; Allow Any ROM Size For Recognition                                             ; Off                         ; Off                         ;
; Allow Any Shift Register Size For Recognition                                  ; Off                         ; Off                         ;
; Ignore translate_off and synthesis_off directives                              ; Off                         ; Off                         ;
; Show Parameter Settings Tables in Synthesis Report                             ; On                          ; On                          ;
; Ignore Maximum Fan-Out Assignments                                             ; Off                         ; Off                         ;
; Retiming Meta-Stability Register Sequence Length                               ; 2                           ; 2                           ;
; PowerPlay Power Optimization                                                   ; Normal compilation          ; Normal compilation          ;
; HDL message level                                                              ; Level2                      ; Level2                      ;
; Suppress Register Optimization Related Messages                                ; Off                         ; Off                         ;
; Number of Removed Registers Reported in Synthesis Report                       ; 100                         ; 100                         ;
; Clock MUX Protection                                                           ; On                          ; On                          ;
; Block Design Naming                                                            ; Auto                        ; Auto                        ;
+--------------------------------------------------------------------------------+-----------------------------+-----------------------------+


+--------------------------------------------------------------------------------------------------------------------------------------------------------------+
; Analysis & Synthesis Source Files Read                                                                                                                       ;
+----------------------------------+-----------------+-----------------+---------------------------------------------------------------------------------------+
; File Name with User-Entered Path ; Used in Netlist ; File Type       ; File Name with Absolute Path                                                          ;
+----------------------------------+-----------------+-----------------+---------------------------------------------------------------------------------------+
; presettable_up_down_counter.vhd  ; yes             ; User VHDL File  ; D:/Quartus_Tests/askisi_6/presettable_up_down_counter/presettable_up_down_counter.vhd ;
+----------------------------------+-----------------+-----------------+---------------------------------------------------------------------------------------+


+-----------------------------------------------------+
; Analysis & Synthesis Resource Usage Summary         ;
+---------------------------------------------+-------+
; Resource                                    ; Usage ;
+---------------------------------------------+-------+
; Estimated Total logic elements              ; 83    ;
;                                             ;       ;
; Total combinational functions               ; 83    ;
; Logic element usage by number of LUT inputs ;       ;
;     -- 4 input functions                    ; 32    ;
;     -- 3 input functions                    ; 14    ;
;     -- <=2 input functions                  ; 37    ;
;                                             ;       ;
; Logic elements by mode                      ;       ;
;     -- normal mode                          ; 68    ;
;     -- arithmetic mode                      ; 15    ;
;                                             ;       ;
; Total registers                             ; 16    ;
;     -- Dedicated logic registers            ; 16    ;
;     -- I/O registers                        ; 0     ;
;                                             ;       ;
; I/O pins                                    ; 37    ;
; Maximum fan-out node                        ; CLEAR ;
; Maximum fan-out                             ; 34    ;
; Total fan-out                               ; 324   ;
; Average fan-out                             ; 2.38  ;
+---------------------------------------------+-------+


+----------------------------------------------------------------------------------------------------------------------------------------------------------------------------------------+
; Analysis & Synthesis Resource Utilization by Entity                                                                                                                                    ;
+------------------------------+-------------------+--------------+-------------+--------------+---------+-----------+------+--------------+------------------------------+--------------+
; Compilation Hierarchy Node   ; LC Combinationals ; LC Registers ; Memory Bits ; DSP Elements ; DSP 9x9 ; DSP 18x18 ; Pins ; Virtual Pins ; Full Hierarchy Name          ; Library Name ;
+------------------------------+-------------------+--------------+-------------+--------------+---------+-----------+------+--------------+------------------------------+--------------+
; |presettable_up_down_counter ; 83 (83)           ; 16 (16)      ; 0           ; 0            ; 0       ; 0         ; 37   ; 0            ; |presettable_up_down_counter ; work         ;
+------------------------------+-------------------+--------------+-------------+--------------+---------+-----------+------+--------------+------------------------------+--------------+
Note: For table entries with two numbers listed, the numbers in parentheses indicate the number of resources of the given type used by the specific entity alone. The numbers listed outside of parentheses indicate the total resources of the given type used by the specific entity and all of its sub-entities in the hierarchy.


+------------------------------------------------------+
; General Register Statistics                          ;
+----------------------------------------------+-------+
; Statistic                                    ; Value ;
+----------------------------------------------+-------+
; Total registers                              ; 16    ;
; Number of registers using Synchronous Clear  ; 0     ;
; Number of registers using Synchronous Load   ; 0     ;
; Number of registers using Asynchronous Clear ; 16    ;
; Number of registers using Asynchronous Load  ; 0     ;
; Number of registers using Clock Enable       ; 16    ;
; Number of registers using Preset             ; 0     ;
+----------------------------------------------+-------+


+---------------------------------------------------------------------------------------------+
; Parameter Settings for User Entity Instance: Top-level Entity: |presettable_up_down_counter ;
+----------------+-------+--------------------------------------------------------------------+
; Parameter Name ; Value ; Type                                                               ;
+----------------+-------+--------------------------------------------------------------------+
; n              ; 16    ; Signed Integer                                                     ;
+----------------+-------+--------------------------------------------------------------------+
Note: In order to hide this table in the UI and the text report file, please set the "Show Parameter Settings Tables in Synthesis Report" option in "Analysis and Synthesis Settings -> More Settings" to "Off".


+-------------------------------+
; Analysis & Synthesis Messages ;
+-------------------------------+
Info: *******************************************************************
Info: Running Quartus II Analysis & Synthesis
    Info: Version 7.2 Build 151 09/26/2007 SJ Full Version
    Info: Processing started: Sat Dec 19 18:40:58 2015
Info: Command: quartus_map --read_settings_files=on --write_settings_files=off presettable_up_down_counter -c presettable_up_down_counter
Info: Found 2 design units, including 1 entities, in source file presettable_up_down_counter.vhd
    Info: Found design unit 1: presettable_up_down_counter-up_down
    Info: Found entity 1: presettable_up_down_counter
Info: Elaborating entity "presettable_up_down_counter" for the top level hierarchy
Warning: Converted presettable and clearable register to equivalent circuits with latches. Registers power-up to an undefined state, and DEVCLRn places the registers in an undefined state.
    Warning (13310): Register "Q[0]~reg0" converted into equivalent circuit using register "Q[0]~reg0_emulated" and latch "Q[0]~reg0latch"
    Warning (13310): Register "Q[1]~reg0" converted into equivalent circuit using register "Q[1]~reg0_emulated" and latch "Q[1]~reg0latch"
    Warning (13310): Register "Q[2]~reg0" converted into equivalent circuit using register "Q[2]~reg0_emulated" and latch "Q[2]~reg0latch"
    Warning (13310): Register "Q[3]~reg0" converted into equivalent circuit using register "Q[3]~reg0_emulated" and latch "Q[3]~reg0latch"
    Warning (13310): Register "Q[4]~reg0" converted into equivalent circuit using register "Q[4]~reg0_emulated" and latch "Q[4]~reg0latch"
    Warning (13310): Register "Q[5]~reg0" converted into equivalent circuit using register "Q[5]~reg0_emulated" and latch "Q[5]~reg0latch"
    Warning (13310): Register "Q[6]~reg0" converted into equivalent circuit using register "Q[6]~reg0_emulated" and latch "Q[6]~reg0latch"
    Warning (13310): Register "Q[7]~reg0" converted into equivalent circuit using register "Q[7]~reg0_emulated" and latch "Q[7]~reg0latch"
    Warning (13310): Register "Q[8]~reg0" converted into equivalent circuit using register "Q[8]~reg0_emulated" and latch "Q[8]~reg0latch"
    Warning (13310): Register "Q[9]~reg0" converted into equivalent circuit using register "Q[9]~reg0_emulated" and latch "Q[9]~reg0latch"
    Warning (13310): Register "Q[10]~reg0" converted into equivalent circuit using register "Q[10]~reg0_emulated" and latch "Q[10]~reg0latch"
    Warning (13310): Register "Q[11]~reg0" converted into equivalent circuit using register "Q[11]~reg0_emulated" and latch "Q[11]~reg0latch"
    Warning (13310): Register "Q[12]~reg0" converted into equivalent circuit using register "Q[12]~reg0_emulated" and latch "Q[12]~reg0latch"
    Warning (13310): Register "Q[13]~reg0" converted into equivalent circuit using register "Q[13]~reg0_emulated" and latch "Q[13]~reg0latch"
    Warning (13310): Register "Q[14]~reg0" converted into equivalent circuit using register "Q[14]~reg0_emulated" and latch "Q[14]~reg0latch"
    Warning (13310): Register "Q[15]~reg0" converted into equivalent circuit using register "Q[15]~reg0_emulated" and latch "Q[15]~reg0latch"
Info: Implemented 120 device resources after synthesis - the final resource count might be different
    Info: Implemented 21 input pins
    Info: Implemented 16 output pins
    Info: Implemented 83 logic cells
Info: Quartus II Analysis & Synthesis was successful. 0 errors, 17 warnings
    Info: Allocated 221 megabytes of memory during processing
    Info: Processing ended: Sat Dec 19 18:41:29 2015
    Info: Elapsed time: 00:00:31


