Classic Timing Analyzer report for ALU_simple
Fri Dec 11 17:25:42 2015
Quartus II 64-Bit Version 7.2 Build 151 09/26/2007 SJ Full Version


---------------------
; Table of Contents ;
---------------------
  1. Legal Notice
  2. Timing Analyzer Summary
  3. Timing Analyzer Settings
  4. tpd
  5. Timing Analyzer Messages



----------------
; Legal Notice ;
----------------
Copyright (C) 1991-2007 Altera Corporation
Your use of Altera Corporation's design tools, logic functions 
and other software and tools, and its AMPP partner logic 
functions, and any output files from any of the foregoing 
(including device programming or simulation files), and any 
associated documentation or information are expressly subject 
to the terms and conditions of the Altera Program License 
Subscription Agreement, Altera MegaCore Function License 
Agreement, or other applicable license agreement, including, 
without limitation, that your use is for the sole purpose of 
programming logic devices manufactured by Altera and sold by 
Altera or its authorized distributors.  Please refer to the 
applicable agreement for further details.



+-----------------------------------------------------------------------------------------------------------------------+
; Timing Analyzer Summary                                                                                               ;
+------------------------------+-------+---------------+-------------+------+----+------------+----------+--------------+
; Type                         ; Slack ; Required Time ; Actual Time ; From ; To ; From Clock ; To Clock ; Failed Paths ;
+------------------------------+-------+---------------+-------------+------+----+------------+----------+--------------+
; Worst-case tpd               ; N/A   ; None          ; 17.358 ns   ; A[1] ; OV ; --         ; --       ; 0            ;
; Total number of failed paths ;       ;               ;             ;      ;    ;            ;          ; 0            ;
+------------------------------+-------+---------------+-------------+------+----+------------+----------+--------------+


+---------------------------------------------------------------------------------------------------------------+
; Timing Analyzer Settings                                                                                      ;
+----------------------------------------------------------------+--------------------+------+----+-------------+
; Option                                                         ; Setting            ; From ; To ; Entity Name ;
+----------------------------------------------------------------+--------------------+------+----+-------------+
; Device Name                                                    ; EP2C35F672C6       ;      ;    ;             ;
; Timing Models                                                  ; Final              ;      ;    ;             ;
; Default hold multicycle                                        ; Same as Multicycle ;      ;    ;             ;
; Cut paths between unrelated clock domains                      ; On                 ;      ;    ;             ;
; Cut off read during write signal paths                         ; On                 ;      ;    ;             ;
; Cut off feedback from I/O pins                                 ; On                 ;      ;    ;             ;
; Report Combined Fast/Slow Timing                               ; Off                ;      ;    ;             ;
; Ignore Clock Settings                                          ; Off                ;      ;    ;             ;
; Analyze latches as synchronous elements                        ; On                 ;      ;    ;             ;
; Enable Recovery/Removal analysis                               ; Off                ;      ;    ;             ;
; Enable Clock Latency                                           ; Off                ;      ;    ;             ;
; Use TimeQuest Timing Analyzer                                  ; Off                ;      ;    ;             ;
; Number of source nodes to report per destination node          ; 10                 ;      ;    ;             ;
; Number of destination nodes to report                          ; 10                 ;      ;    ;             ;
; Number of paths to report                                      ; 200                ;      ;    ;             ;
; Report Minimum Timing Checks                                   ; Off                ;      ;    ;             ;
; Use Fast Timing Models                                         ; Off                ;      ;    ;             ;
; Report IO Paths Separately                                     ; Off                ;      ;    ;             ;
; Perform Multicorner Analysis                                   ; On                 ;      ;    ;             ;
; Reports the worst-case path for each clock domain and analysis ; Off                ;      ;    ;             ;
+----------------------------------------------------------------+--------------------+------+----+-------------+


+-------------------------------------------------------------+
; tpd                                                         ;
+-------+-------------------+-----------------+--------+------+
; Slack ; Required P2P Time ; Actual P2P Time ; From   ; To   ;
+-------+-------------------+-----------------+--------+------+
; N/A   ; None              ; 17.358 ns       ; A[1]   ; OV   ;
; N/A   ; None              ; 17.051 ns       ; A[1]   ; R[6] ;
; N/A   ; None              ; 16.451 ns       ; A[0]   ; OV   ;
; N/A   ; None              ; 16.244 ns       ; B[0]   ; OV   ;
; N/A   ; None              ; 16.144 ns       ; A[0]   ; R[6] ;
; N/A   ; None              ; 16.113 ns       ; B[1]   ; OV   ;
; N/A   ; None              ; 15.937 ns       ; B[0]   ; R[6] ;
; N/A   ; None              ; 15.924 ns       ; A[1]   ; R[7] ;
; N/A   ; None              ; 15.806 ns       ; B[1]   ; R[6] ;
; N/A   ; None              ; 15.684 ns       ; B[2]   ; OV   ;
; N/A   ; None              ; 15.462 ns       ; A[1]   ; COUT ;
; N/A   ; None              ; 15.377 ns       ; B[2]   ; R[6] ;
; N/A   ; None              ; 15.367 ns       ; A[2]   ; OV   ;
; N/A   ; None              ; 15.060 ns       ; A[2]   ; R[6] ;
; N/A   ; None              ; 15.017 ns       ; A[0]   ; R[7] ;
; N/A   ; None              ; 14.834 ns       ; A[1]   ; R[5] ;
; N/A   ; None              ; 14.810 ns       ; B[0]   ; R[7] ;
; N/A   ; None              ; 14.803 ns       ; A[3]   ; OV   ;
; N/A   ; None              ; 14.756 ns       ; B[3]   ; OV   ;
; N/A   ; None              ; 14.679 ns       ; B[1]   ; R[7] ;
; N/A   ; None              ; 14.555 ns       ; A[0]   ; COUT ;
; N/A   ; None              ; 14.496 ns       ; A[3]   ; R[6] ;
; N/A   ; None              ; 14.449 ns       ; B[3]   ; R[6] ;
; N/A   ; None              ; 14.356 ns       ; A[4]   ; OV   ;
; N/A   ; None              ; 14.348 ns       ; B[0]   ; COUT ;
; N/A   ; None              ; 14.345 ns       ; B[4]   ; OV   ;
; N/A   ; None              ; 14.250 ns       ; B[2]   ; R[7] ;
; N/A   ; None              ; 14.217 ns       ; B[1]   ; COUT ;
; N/A   ; None              ; 14.049 ns       ; A[4]   ; R[6] ;
; N/A   ; None              ; 14.038 ns       ; B[4]   ; R[6] ;
; N/A   ; None              ; 13.933 ns       ; A[2]   ; R[7] ;
; N/A   ; None              ; 13.927 ns       ; A[0]   ; R[5] ;
; N/A   ; None              ; 13.788 ns       ; B[2]   ; COUT ;
; N/A   ; None              ; 13.720 ns       ; B[0]   ; R[5] ;
; N/A   ; None              ; 13.589 ns       ; B[1]   ; R[5] ;
; N/A   ; None              ; 13.471 ns       ; A[2]   ; COUT ;
; N/A   ; None              ; 13.369 ns       ; A[3]   ; R[7] ;
; N/A   ; None              ; 13.322 ns       ; B[3]   ; R[7] ;
; N/A   ; None              ; 13.160 ns       ; B[2]   ; R[5] ;
; N/A   ; None              ; 13.022 ns       ; B[5]   ; OV   ;
; N/A   ; None              ; 12.949 ns       ; mode   ; OV   ;
; N/A   ; None              ; 12.922 ns       ; A[4]   ; R[7] ;
; N/A   ; None              ; 12.911 ns       ; B[4]   ; R[7] ;
; N/A   ; None              ; 12.907 ns       ; A[3]   ; COUT ;
; N/A   ; None              ; 12.891 ns       ; A[1]   ; R[4] ;
; N/A   ; None              ; 12.860 ns       ; B[3]   ; COUT ;
; N/A   ; None              ; 12.843 ns       ; A[2]   ; R[5] ;
; N/A   ; None              ; 12.815 ns       ; A[5]   ; OV   ;
; N/A   ; None              ; 12.762 ns       ; A[1]   ; R[2] ;
; N/A   ; None              ; 12.715 ns       ; B[5]   ; R[6] ;
; N/A   ; None              ; 12.711 ns       ; Sel[1] ; R[5] ;
; N/A   ; None              ; 12.707 ns       ; Sel[1] ; R[6] ;
; N/A   ; None              ; 12.642 ns       ; mode   ; R[6] ;
; N/A   ; None              ; 12.564 ns       ; Sel[1] ; R[2] ;
; N/A   ; None              ; 12.541 ns       ; A[1]   ; R[3] ;
; N/A   ; None              ; 12.508 ns       ; A[5]   ; R[6] ;
; N/A   ; None              ; 12.460 ns       ; A[4]   ; COUT ;
; N/A   ; None              ; 12.449 ns       ; B[4]   ; COUT ;
; N/A   ; None              ; 12.292 ns       ; B[6]   ; OV   ;
; N/A   ; None              ; 12.289 ns       ; Sel[1] ; R[1] ;
; N/A   ; None              ; 12.279 ns       ; A[3]   ; R[5] ;
; N/A   ; None              ; 12.232 ns       ; B[3]   ; R[5] ;
; N/A   ; None              ; 12.100 ns       ; A[7]   ; OV   ;
; N/A   ; None              ; 12.098 ns       ; Sel[0] ; R[5] ;
; N/A   ; None              ; 11.988 ns       ; Sel[1] ; R[7] ;
; N/A   ; None              ; 11.984 ns       ; A[0]   ; R[4] ;
; N/A   ; None              ; 11.936 ns       ; Sel[1] ; R[3] ;
; N/A   ; None              ; 11.881 ns       ; A[6]   ; OV   ;
; N/A   ; None              ; 11.855 ns       ; A[0]   ; R[2] ;
; N/A   ; None              ; 11.832 ns       ; A[4]   ; R[5] ;
; N/A   ; None              ; 11.821 ns       ; B[4]   ; R[5] ;
; N/A   ; None              ; 11.788 ns       ; Sel[0] ; R[6] ;
; N/A   ; None              ; 11.777 ns       ; B[0]   ; R[4] ;
; N/A   ; None              ; 11.648 ns       ; B[0]   ; R[2] ;
; N/A   ; None              ; 11.646 ns       ; B[1]   ; R[4] ;
; N/A   ; None              ; 11.636 ns       ; Sel[0] ; R[2] ;
; N/A   ; None              ; 11.634 ns       ; A[0]   ; R[3] ;
; N/A   ; None              ; 11.605 ns       ; Sel[1] ; R[4] ;
; N/A   ; None              ; 11.588 ns       ; B[5]   ; R[7] ;
; N/A   ; None              ; 11.517 ns       ; B[1]   ; R[2] ;
; N/A   ; None              ; 11.515 ns       ; mode   ; R[7] ;
; N/A   ; None              ; 11.503 ns       ; A[1]   ; R[1] ;
; N/A   ; None              ; 11.427 ns       ; B[0]   ; R[3] ;
; N/A   ; None              ; 11.381 ns       ; A[5]   ; R[7] ;
; N/A   ; None              ; 11.369 ns       ; Sel[0] ; R[1] ;
; N/A   ; None              ; 11.296 ns       ; B[1]   ; R[3] ;
; N/A   ; None              ; 11.222 ns       ; Sel[1] ; R[0] ;
; N/A   ; None              ; 11.217 ns       ; B[2]   ; R[4] ;
; N/A   ; None              ; 11.177 ns       ; A[0]   ; R[1] ;
; N/A   ; None              ; 11.126 ns       ; B[5]   ; COUT ;
; N/A   ; None              ; 11.053 ns       ; mode   ; COUT ;
; N/A   ; None              ; 11.008 ns       ; Sel[0] ; R[3] ;
; N/A   ; None              ; 10.970 ns       ; B[0]   ; R[1] ;
; N/A   ; None              ; 10.919 ns       ; A[5]   ; COUT ;
; N/A   ; None              ; 10.900 ns       ; A[2]   ; R[4] ;
; N/A   ; None              ; 10.867 ns       ; B[2]   ; R[3] ;
; N/A   ; None              ; 10.858 ns       ; B[6]   ; R[7] ;
; N/A   ; None              ; 10.847 ns       ; A[7]   ; R[7] ;
; N/A   ; None              ; 10.677 ns       ; Sel[0] ; R[4] ;
; N/A   ; None              ; 10.550 ns       ; A[2]   ; R[3] ;
; N/A   ; None              ; 10.513 ns       ; B[2]   ; R[2] ;
; N/A   ; None              ; 10.447 ns       ; A[6]   ; R[7] ;
; N/A   ; None              ; 10.440 ns       ; B[1]   ; R[1] ;
; N/A   ; None              ; 10.425 ns       ; mode   ; R[5] ;
; N/A   ; None              ; 10.396 ns       ; B[6]   ; COUT ;
; N/A   ; None              ; 10.371 ns       ; A[2]   ; R[2] ;
; N/A   ; None              ; 10.356 ns       ; Sel[0] ; R[7] ;
; N/A   ; None              ; 10.336 ns       ; A[3]   ; R[4] ;
; N/A   ; None              ; 10.289 ns       ; B[3]   ; R[4] ;
; N/A   ; None              ; 10.210 ns       ; A[7]   ; COUT ;
; N/A   ; None              ; 10.030 ns       ; Sel[0] ; R[0] ;
; N/A   ; None              ; 9.985 ns        ; A[6]   ; COUT ;
; N/A   ; None              ; 9.702 ns        ; B[5]   ; R[5] ;
; N/A   ; None              ; 9.675 ns        ; B[6]   ; R[6] ;
; N/A   ; None              ; 9.542 ns        ; B[3]   ; R[3] ;
; N/A   ; None              ; 9.527 ns        ; A[0]   ; R[0] ;
; N/A   ; None              ; 9.492 ns        ; B[0]   ; R[0] ;
; N/A   ; None              ; 9.479 ns        ; A[4]   ; R[4] ;
; N/A   ; None              ; 9.410 ns        ; A[3]   ; R[3] ;
; N/A   ; None              ; 9.391 ns        ; A[5]   ; R[5] ;
; N/A   ; None              ; 9.295 ns        ; B[4]   ; R[4] ;
; N/A   ; None              ; 9.265 ns        ; A[6]   ; R[6] ;
; N/A   ; None              ; 8.482 ns        ; mode   ; R[4] ;
; N/A   ; None              ; 8.353 ns        ; mode   ; R[2] ;
; N/A   ; None              ; 8.132 ns        ; mode   ; R[3] ;
; N/A   ; None              ; 7.675 ns        ; mode   ; R[1] ;
; N/A   ; None              ; 7.388 ns        ; B[7]   ; OV   ;
; N/A   ; None              ; 5.852 ns        ; B[7]   ; R[7] ;
; N/A   ; None              ; 5.488 ns        ; B[7]   ; COUT ;
+-------+-------------------+-----------------+--------+------+


+--------------------------+
; Timing Analyzer Messages ;
+--------------------------+
Info: *******************************************************************
Info: Running Quartus II 64-Bit Classic Timing Analyzer
    Info: Version 7.2 Build 151 09/26/2007 SJ Full Version
    Info: Processing started: Fri Dec 11 17:25:24 2015
Info: Command: quartus_tan --read_settings_files=off --write_settings_files=off ALU_simple -c ALU_simple --timing_analysis_only
Info: Longest tpd from source pin "A[1]" to destination pin "OV" is 17.358 ns
    Info: 1: + IC(0.000 ns) + CELL(0.820 ns) = 0.820 ns; Loc. = PIN_AA11; Fanout = 2; PIN Node = 'A[1]'
    Info: 2: + IC(6.379 ns) + CELL(0.438 ns) = 7.637 ns; Loc. = LCCOMB_X15_Y35_N2; Fanout = 2; COMB Node = 'add_sub_simple:ADD_ACTION|fa_1bit:\G:1:FA|cout~4'
    Info: 3: + IC(0.257 ns) + CELL(0.150 ns) = 8.044 ns; Loc. = LCCOMB_X15_Y35_N28; Fanout = 2; COMB Node = 'add_sub_simple:ADD_ACTION|fa_1bit:\G:2:FA|cout~4'
    Info: 4: + IC(0.265 ns) + CELL(0.420 ns) = 8.729 ns; Loc. = LCCOMB_X15_Y35_N6; Fanout = 2; COMB Node = 'add_sub_simple:ADD_ACTION|fa_1bit:\G:3:FA|cout~4'
    Info: 5: + IC(0.248 ns) + CELL(0.150 ns) = 9.127 ns; Loc. = LCCOMB_X15_Y35_N4; Fanout = 2; COMB Node = 'add_sub_simple:ADD_ACTION|fa_1bit:\G:4:FA|cout~4'
    Info: 6: + IC(1.389 ns) + CELL(0.150 ns) = 10.666 ns; Loc. = LCCOMB_X30_Y35_N6; Fanout = 2; COMB Node = 'add_sub_simple:ADD_ACTION|fa_1bit:\G:5:FA|cout~4'
    Info: 7: + IC(0.281 ns) + CELL(0.438 ns) = 11.385 ns; Loc. = LCCOMB_X30_Y35_N10; Fanout = 3; COMB Node = 'add_sub_simple:ADD_ACTION|fa_1bit:\G:6:FA|cout~4'
    Info: 8: + IC(0.284 ns) + CELL(0.438 ns) = 12.107 ns; Loc. = LCCOMB_X30_Y35_N16; Fanout = 1; COMB Node = 'add_sub_simple:ADD_ACTION|ov'
    Info: 9: + IC(2.472 ns) + CELL(2.779 ns) = 17.358 ns; Loc. = PIN_F20; Fanout = 0; PIN Node = 'OV'
    Info: Total cell delay = 5.783 ns ( 33.32 % )
    Info: Total interconnect delay = 11.575 ns ( 66.68 % )
Info: Quartus II 64-Bit Classic Timing Analyzer was successful. 0 errors, 0 warnings
    Info: Allocated 227 megabytes of memory during processing
    Info: Processing ended: Fri Dec 11 17:25:49 2015
    Info: Elapsed time: 00:00:25


