Analysis & Synthesis report for ALU_ACC
Wed Dec 16 20:06:55 2015
Quartus II Version 7.2 Build 151 09/26/2007 SJ Full Version


---------------------
; Table of Contents ;
---------------------
  1. Legal Notice
  2. Analysis & Synthesis Summary
  3. Analysis & Synthesis Settings
  4. Analysis & Synthesis Source Files Read
  5. Analysis & Synthesis Resource Usage Summary
  6. Analysis & Synthesis Resource Utilization by Entity
  7. General Register Statistics
  8. Multiplexer Restructuring Statistics (Restructuring Performed)
  9. Parameter Settings for User Entity Instance: Top-level Entity: |ALU_ACC
 10. Parameter Settings for User Entity Instance: look_ahead_16bits:ADD_SUB_ACTION
 11. Parameter Settings for User Entity Instance: look_ahead_16bits:ADD_SUB_ACTION|carry_look_ahead:CLA0
 12. Parameter Settings for User Entity Instance: look_ahead_16bits:ADD_SUB_ACTION|carry_look_ahead:CLA1
 13. Parameter Settings for User Entity Instance: look_ahead_16bits:ADD_SUB_ACTION|carry_look_ahead:CLA2
 14. Parameter Settings for User Entity Instance: look_ahead_16bits:ADD_SUB_ACTION|carry_look_ahead:CLA3
 15. Parameter Settings for User Entity Instance: mux_4_to_1_16_bits:MUXX
 16. Parameter Settings for User Entity Instance: parallel_reg:ACC
 17. Analysis & Synthesis Messages



----------------
; Legal Notice ;
----------------
Copyright (C) 1991-2007 Altera Corporation
Your use of Altera Corporation's design tools, logic functions 
and other software and tools, and its AMPP partner logic 
functions, and any output files from any of the foregoing 
(including device programming or simulation files), and any 
associated documentation or information are expressly subject 
to the terms and conditions of the Altera Program License 
Subscription Agreement, Altera MegaCore Function License 
Agreement, or other applicable license agreement, including, 
without limitation, that your use is for the sole purpose of 
programming logic devices manufactured by Altera and sold by 
Altera or its authorized distributors.  Please refer to the 
applicable agreement for further details.



+-------------------------------------------------------------------------------+
; Analysis & Synthesis Summary                                                  ;
+------------------------------------+------------------------------------------+
; Analysis & Synthesis Status        ; Successful - Wed Dec 16 20:06:55 2015    ;
; Quartus II Version                 ; 7.2 Build 151 09/26/2007 SJ Full Version ;
; Revision Name                      ; ALU_ACC                                  ;
; Top-level Entity Name              ; ALU_ACC                                  ;
; Family                             ; Cyclone II                               ;
; Total logic elements               ; 114                                      ;
;     Total combinational functions  ; 114                                      ;
;     Dedicated logic registers      ; 16                                       ;
; Total registers                    ; 16                                       ;
; Total pins                         ; 39                                       ;
; Total virtual pins                 ; 0                                        ;
; Total memory bits                  ; 0                                        ;
; Embedded Multiplier 9-bit elements ; 0                                        ;
; Total PLLs                         ; 0                                        ;
+------------------------------------+------------------------------------------+


+--------------------------------------------------------------------------------------------------------------------------+
; Analysis & Synthesis Settings                                                                                            ;
+--------------------------------------------------------------------------------+--------------------+--------------------+
; Option                                                                         ; Setting            ; Default Value      ;
+--------------------------------------------------------------------------------+--------------------+--------------------+
; Device                                                                         ; EP2C35F672C6       ;                    ;
; Top-level entity name                                                          ; ALU_ACC            ; ALU_ACC            ;
; Family name                                                                    ; Cyclone II         ; Stratix II         ;
; Use Generated Physical Constraints File                                        ; Off                ;                    ;
; Use smart compilation                                                          ; Off                ; Off                ;
; Maximum processors allowed for parallel compilation                            ; 1                  ; 1                  ;
; Restructure Multiplexers                                                       ; Auto               ; Auto               ;
; Create Debugging Nodes for IP Cores                                            ; Off                ; Off                ;
; Preserve fewer node names                                                      ; On                 ; On                 ;
; Disable OpenCore Plus hardware evaluation                                      ; Off                ; Off                ;
; Verilog Version                                                                ; Verilog_2001       ; Verilog_2001       ;
; VHDL Version                                                                   ; VHDL93             ; VHDL93             ;
; State Machine Processing                                                       ; Auto               ; Auto               ;
; Safe State Machine                                                             ; Off                ; Off                ;
; Extract Verilog State Machines                                                 ; On                 ; On                 ;
; Extract VHDL State Machines                                                    ; On                 ; On                 ;
; Ignore Verilog initial constructs                                              ; Off                ; Off                ;
; Add Pass-Through Logic to Inferred RAMs                                        ; On                 ; On                 ;
; Parallel Synthesis                                                             ; Off                ; Off                ;
; DSP Block Balancing                                                            ; Auto               ; Auto               ;
; NOT Gate Push-Back                                                             ; On                 ; On                 ;
; Power-Up Don't Care                                                            ; On                 ; On                 ;
; Remove Redundant Logic Cells                                                   ; Off                ; Off                ;
; Remove Duplicate Registers                                                     ; On                 ; On                 ;
; Ignore CARRY Buffers                                                           ; Off                ; Off                ;
; Ignore CASCADE Buffers                                                         ; Off                ; Off                ;
; Ignore GLOBAL Buffers                                                          ; Off                ; Off                ;
; Ignore ROW GLOBAL Buffers                                                      ; Off                ; Off                ;
; Ignore LCELL Buffers                                                           ; Off                ; Off                ;
; Ignore SOFT Buffers                                                            ; On                 ; On                 ;
; Limit AHDL Integers to 32 Bits                                                 ; Off                ; Off                ;
; Optimization Technique -- Cyclone II/Cyclone III                               ; Balanced           ; Balanced           ;
; Carry Chain Length -- Stratix/Stratix GX/Cyclone/MAX II/Cyclone II/Cyclone III ; 70                 ; 70                 ;
; Auto Carry Chains                                                              ; On                 ; On                 ;
; Auto Open-Drain Pins                                                           ; On                 ; On                 ;
; Perform WYSIWYG Primitive Resynthesis                                          ; Off                ; Off                ;
; Perform gate-level register retiming                                           ; Off                ; Off                ;
; Allow register retiming to trade off Tsu/Tco with Fmax                         ; On                 ; On                 ;
; Auto ROM Replacement                                                           ; On                 ; On                 ;
; Auto RAM Replacement                                                           ; On                 ; On                 ;
; Auto Shift Register Replacement                                                ; Auto               ; Auto               ;
; Auto Clock Enable Replacement                                                  ; On                 ; On                 ;
; Allow Synchronous Control Signals                                              ; On                 ; On                 ;
; Force Use of Synchronous Clear Signals                                         ; Off                ; Off                ;
; Auto RAM to Logic Cell Conversion                                              ; Off                ; Off                ;
; Auto Resource Sharing                                                          ; Off                ; Off                ;
; Allow Any RAM Size For Recognition                                             ; Off                ; Off                ;
; Allow Any ROM Size For Recognition                                             ; Off                ; Off                ;
; Allow Any Shift Register Size For Recognition                                  ; Off                ; Off                ;
; Ignore translate_off and synthesis_off directives                              ; Off                ; Off                ;
; Show Parameter Settings Tables in Synthesis Report                             ; On                 ; On                 ;
; Ignore Maximum Fan-Out Assignments                                             ; Off                ; Off                ;
; Retiming Meta-Stability Register Sequence Length                               ; 2                  ; 2                  ;
; PowerPlay Power Optimization                                                   ; Normal compilation ; Normal compilation ;
; HDL message level                                                              ; Level2             ; Level2             ;
; Suppress Register Optimization Related Messages                                ; Off                ; Off                ;
; Number of Removed Registers Reported in Synthesis Report                       ; 100                ; 100                ;
; Clock MUX Protection                                                           ; On                 ; On                 ;
; Block Design Naming                                                            ; Auto               ; Auto               ;
+--------------------------------------------------------------------------------+--------------------+--------------------+


+--------------------------------------------------------------------------------------------------------------------------------------------------------+
; Analysis & Synthesis Source Files Read                                                                                                                 ;
+----------------------------------------------+-----------------+-----------------+---------------------------------------------------------------------+
; File Name with User-Entered Path             ; Used in Netlist ; File Type       ; File Name with Absolute Path                                        ;
+----------------------------------------------+-----------------+-----------------+---------------------------------------------------------------------+
; ../carry_look_ahead/carry_look_ahead.vhd     ; yes             ; User VHDL File  ; D:/Quartus_Tests/askisi_5/carry_look_ahead/carry_look_ahead.vhd     ;
; ../parallel_reg/parallel_reg.vhd             ; yes             ; User VHDL File  ; D:/Quartus_Tests/askisi_5/parallel_reg/parallel_reg.vhd             ;
; ../look_ahead_16bits/look_ahead_16bits.vhd   ; yes             ; User VHDL File  ; D:/Quartus_Tests/askisi_5/look_ahead_16bits/look_ahead_16bits.vhd   ;
; ../mux_4_to_1_16_bits/mux_4_to_1_16_bits.vhd ; yes             ; User VHDL File  ; D:/Quartus_Tests/askisi_5/mux_4_to_1_16_bits/mux_4_to_1_16_bits.vhd ;
; ALU_ACC.vhd                                  ; yes             ; User VHDL File  ; D:/Quartus_Tests/askisi_5/ALU_ACC/ALU_ACC.vhd                       ;
+----------------------------------------------+-----------------+-----------------+---------------------------------------------------------------------+


+-----------------------------------------------------+
; Analysis & Synthesis Resource Usage Summary         ;
+---------------------------------------------+-------+
; Resource                                    ; Usage ;
+---------------------------------------------+-------+
; Estimated Total logic elements              ; 114   ;
;                                             ;       ;
; Total combinational functions               ; 114   ;
; Logic element usage by number of LUT inputs ;       ;
;     -- 4 input functions                    ; 78    ;
;     -- 3 input functions                    ; 23    ;
;     -- <=2 input functions                  ; 13    ;
;                                             ;       ;
; Logic elements by mode                      ;       ;
;     -- normal mode                          ; 114   ;
;     -- arithmetic mode                      ; 0     ;
;                                             ;       ;
; Total registers                             ; 16    ;
;     -- Dedicated logic registers            ; 16    ;
;     -- I/O registers                        ; 0     ;
;                                             ;       ;
; I/O pins                                    ; 39    ;
; Maximum fan-out node                        ; mode  ;
; Maximum fan-out                             ; 40    ;
; Total fan-out                               ; 473   ;
; Average fan-out                             ; 2.80  ;
+---------------------------------------------+-------+


+------------------------------------------------------------------------------------------------------------------------------------------------------------------------------------------------------------------------------------+
; Analysis & Synthesis Resource Utilization by Entity                                                                                                                                                                                ;
+---------------------------------------+-------------------+--------------+-------------+--------------+---------+-----------+------+--------------+-----------------------------------------------------------------+--------------+
; Compilation Hierarchy Node            ; LC Combinationals ; LC Registers ; Memory Bits ; DSP Elements ; DSP 9x9 ; DSP 18x18 ; Pins ; Virtual Pins ; Full Hierarchy Name                                             ; Library Name ;
+---------------------------------------+-------------------+--------------+-------------+--------------+---------+-----------+------+--------------+-----------------------------------------------------------------+--------------+
; |ALU_ACC                              ; 114 (0)           ; 16 (0)       ; 0           ; 0            ; 0       ; 0         ; 39   ; 0            ; |ALU_ACC                                                        ; work         ;
;    |look_ahead_16bits:ADD_SUB_ACTION| ; 79 (11)           ; 0 (0)        ; 0           ; 0            ; 0       ; 0         ; 0    ; 0            ; |ALU_ACC|look_ahead_16bits:ADD_SUB_ACTION                       ; work         ;
;       |carry_look_ahead:CLA0|         ; 16 (16)           ; 0 (0)        ; 0           ; 0            ; 0       ; 0         ; 0    ; 0            ; |ALU_ACC|look_ahead_16bits:ADD_SUB_ACTION|carry_look_ahead:CLA0 ; work         ;
;       |carry_look_ahead:CLA1|         ; 17 (17)           ; 0 (0)        ; 0           ; 0            ; 0       ; 0         ; 0    ; 0            ; |ALU_ACC|look_ahead_16bits:ADD_SUB_ACTION|carry_look_ahead:CLA1 ; work         ;
;       |carry_look_ahead:CLA2|         ; 17 (17)           ; 0 (0)        ; 0           ; 0            ; 0       ; 0         ; 0    ; 0            ; |ALU_ACC|look_ahead_16bits:ADD_SUB_ACTION|carry_look_ahead:CLA2 ; work         ;
;       |carry_look_ahead:CLA3|         ; 18 (18)           ; 0 (0)        ; 0           ; 0            ; 0       ; 0         ; 0    ; 0            ; |ALU_ACC|look_ahead_16bits:ADD_SUB_ACTION|carry_look_ahead:CLA3 ; work         ;
;    |mux_4_to_1_16_bits:MUXX|          ; 35 (35)           ; 0 (0)        ; 0           ; 0            ; 0       ; 0         ; 0    ; 0            ; |ALU_ACC|mux_4_to_1_16_bits:MUXX                                ; work         ;
;    |parallel_reg:ACC|                 ; 0 (0)             ; 16 (0)       ; 0           ; 0            ; 0       ; 0         ; 0    ; 0            ; |ALU_ACC|parallel_reg:ACC                                       ; work         ;
;       |D_FF:\F:0:DFF|                 ; 0 (0)             ; 1 (1)        ; 0           ; 0            ; 0       ; 0         ; 0    ; 0            ; |ALU_ACC|parallel_reg:ACC|D_FF:\F:0:DFF                         ; work         ;
;       |D_FF:\F:10:DFF|                ; 0 (0)             ; 1 (1)        ; 0           ; 0            ; 0       ; 0         ; 0    ; 0            ; |ALU_ACC|parallel_reg:ACC|D_FF:\F:10:DFF                        ; work         ;
;       |D_FF:\F:11:DFF|                ; 0 (0)             ; 1 (1)        ; 0           ; 0            ; 0       ; 0         ; 0    ; 0            ; |ALU_ACC|parallel_reg:ACC|D_FF:\F:11:DFF                        ; work         ;
;       |D_FF:\F:12:DFF|                ; 0 (0)             ; 1 (1)        ; 0           ; 0            ; 0       ; 0         ; 0    ; 0            ; |ALU_ACC|parallel_reg:ACC|D_FF:\F:12:DFF                        ; work         ;
;       |D_FF:\F:13:DFF|                ; 0 (0)             ; 1 (1)        ; 0           ; 0            ; 0       ; 0         ; 0    ; 0            ; |ALU_ACC|parallel_reg:ACC|D_FF:\F:13:DFF                        ; work         ;
;       |D_FF:\F:14:DFF|                ; 0 (0)             ; 1 (1)        ; 0           ; 0            ; 0       ; 0         ; 0    ; 0            ; |ALU_ACC|parallel_reg:ACC|D_FF:\F:14:DFF                        ; work         ;
;       |D_FF:\F:15:DFF|                ; 0 (0)             ; 1 (1)        ; 0           ; 0            ; 0       ; 0         ; 0    ; 0            ; |ALU_ACC|parallel_reg:ACC|D_FF:\F:15:DFF                        ; work         ;
;       |D_FF:\F:1:DFF|                 ; 0 (0)             ; 1 (1)        ; 0           ; 0            ; 0       ; 0         ; 0    ; 0            ; |ALU_ACC|parallel_reg:ACC|D_FF:\F:1:DFF                         ; work         ;
;       |D_FF:\F:2:DFF|                 ; 0 (0)             ; 1 (1)        ; 0           ; 0            ; 0       ; 0         ; 0    ; 0            ; |ALU_ACC|parallel_reg:ACC|D_FF:\F:2:DFF                         ; work         ;
;       |D_FF:\F:3:DFF|                 ; 0 (0)             ; 1 (1)        ; 0           ; 0            ; 0       ; 0         ; 0    ; 0            ; |ALU_ACC|parallel_reg:ACC|D_FF:\F:3:DFF                         ; work         ;
;       |D_FF:\F:4:DFF|                 ; 0 (0)             ; 1 (1)        ; 0           ; 0            ; 0       ; 0         ; 0    ; 0            ; |ALU_ACC|parallel_reg:ACC|D_FF:\F:4:DFF                         ; work         ;
;       |D_FF:\F:5:DFF|                 ; 0 (0)             ; 1 (1)        ; 0           ; 0            ; 0       ; 0         ; 0    ; 0            ; |ALU_ACC|parallel_reg:ACC|D_FF:\F:5:DFF                         ; work         ;
;       |D_FF:\F:6:DFF|                 ; 0 (0)             ; 1 (1)        ; 0           ; 0            ; 0       ; 0         ; 0    ; 0            ; |ALU_ACC|parallel_reg:ACC|D_FF:\F:6:DFF                         ; work         ;
;       |D_FF:\F:7:DFF|                 ; 0 (0)             ; 1 (1)        ; 0           ; 0            ; 0       ; 0         ; 0    ; 0            ; |ALU_ACC|parallel_reg:ACC|D_FF:\F:7:DFF                         ; work         ;
;       |D_FF:\F:8:DFF|                 ; 0 (0)             ; 1 (1)        ; 0           ; 0            ; 0       ; 0         ; 0    ; 0            ; |ALU_ACC|parallel_reg:ACC|D_FF:\F:8:DFF                         ; work         ;
;       |D_FF:\F:9:DFF|                 ; 0 (0)             ; 1 (1)        ; 0           ; 0            ; 0       ; 0         ; 0    ; 0            ; |ALU_ACC|parallel_reg:ACC|D_FF:\F:9:DFF                         ; work         ;
+---------------------------------------+-------------------+--------------+-------------+--------------+---------+-----------+------+--------------+-----------------------------------------------------------------+--------------+
Note: For table entries with two numbers listed, the numbers in parentheses indicate the number of resources of the given type used by the specific entity alone. The numbers listed outside of parentheses indicate the total resources of the given type used by the specific entity and all of its sub-entities in the hierarchy.


+------------------------------------------------------+
; General Register Statistics                          ;
+----------------------------------------------+-------+
; Statistic                                    ; Value ;
+----------------------------------------------+-------+
; Total registers                              ; 16    ;
; Number of registers using Synchronous Clear  ; 0     ;
; Number of registers using Synchronous Load   ; 0     ;
; Number of registers using Asynchronous Clear ; 16    ;
; Number of registers using Asynchronous Load  ; 0     ;
; Number of registers using Clock Enable       ; 0     ;
; Number of registers using Preset             ; 0     ;
+----------------------------------------------+-------+


+---------------------------------------------------------------------------------------------------------------------------------------------------------+
; Multiplexer Restructuring Statistics (Restructuring Performed)                                                                                          ;
+--------------------+-----------+---------------+----------------------+------------------------+------------+-------------------------------------------+
; Multiplexer Inputs ; Bus Width ; Baseline Area ; Area if Restructured ; Saving if Restructured ; Registered ; Example Multiplexer Output                ;
+--------------------+-----------+---------------+----------------------+------------------------+------------+-------------------------------------------+
; 4:1                ; 16 bits   ; 32 LEs        ; 32 LEs               ; 0 LEs                  ; Yes        ; |ALU_ACC|parallel_reg:ACC|D_FF:\F:0:DFF|q ;
+--------------------+-----------+---------------+----------------------+------------------------+------------+-------------------------------------------+


+-------------------------------------------------------------------------+
; Parameter Settings for User Entity Instance: Top-level Entity: |ALU_ACC ;
+----------------+-------+------------------------------------------------+
; Parameter Name ; Value ; Type                                           ;
+----------------+-------+------------------------------------------------+
; m              ; 16    ; Signed Integer                                 ;
+----------------+-------+------------------------------------------------+
Note: In order to hide this table in the UI and the text report file, please set the "Show Parameter Settings Tables in Synthesis Report" option in "Analysis and Synthesis Settings -> More Settings" to "Off".


+-------------------------------------------------------------------------------+
; Parameter Settings for User Entity Instance: look_ahead_16bits:ADD_SUB_ACTION ;
+----------------+-------+------------------------------------------------------+
; Parameter Name ; Value ; Type                                                 ;
+----------------+-------+------------------------------------------------------+
; m              ; 16    ; Signed Integer                                       ;
+----------------+-------+------------------------------------------------------+
Note: In order to hide this table in the UI and the text report file, please set the "Show Parameter Settings Tables in Synthesis Report" option in "Analysis and Synthesis Settings -> More Settings" to "Off".


+-----------------------------------------------------------------------------------------------------+
; Parameter Settings for User Entity Instance: look_ahead_16bits:ADD_SUB_ACTION|carry_look_ahead:CLA0 ;
+----------------+-------+----------------------------------------------------------------------------+
; Parameter Name ; Value ; Type                                                                       ;
+----------------+-------+----------------------------------------------------------------------------+
; n              ; 4     ; Signed Integer                                                             ;
+----------------+-------+----------------------------------------------------------------------------+
Note: In order to hide this table in the UI and the text report file, please set the "Show Parameter Settings Tables in Synthesis Report" option in "Analysis and Synthesis Settings -> More Settings" to "Off".


+-----------------------------------------------------------------------------------------------------+
; Parameter Settings for User Entity Instance: look_ahead_16bits:ADD_SUB_ACTION|carry_look_ahead:CLA1 ;
+----------------+-------+----------------------------------------------------------------------------+
; Parameter Name ; Value ; Type                                                                       ;
+----------------+-------+----------------------------------------------------------------------------+
; n              ; 4     ; Signed Integer                                                             ;
+----------------+-------+----------------------------------------------------------------------------+
Note: In order to hide this table in the UI and the text report file, please set the "Show Parameter Settings Tables in Synthesis Report" option in "Analysis and Synthesis Settings -> More Settings" to "Off".


+-----------------------------------------------------------------------------------------------------+
; Parameter Settings for User Entity Instance: look_ahead_16bits:ADD_SUB_ACTION|carry_look_ahead:CLA2 ;
+----------------+-------+----------------------------------------------------------------------------+
; Parameter Name ; Value ; Type                                                                       ;
+----------------+-------+----------------------------------------------------------------------------+
; n              ; 4     ; Signed Integer                                                             ;
+----------------+-------+----------------------------------------------------------------------------+
Note: In order to hide this table in the UI and the text report file, please set the "Show Parameter Settings Tables in Synthesis Report" option in "Analysis and Synthesis Settings -> More Settings" to "Off".


+-----------------------------------------------------------------------------------------------------+
; Parameter Settings for User Entity Instance: look_ahead_16bits:ADD_SUB_ACTION|carry_look_ahead:CLA3 ;
+----------------+-------+----------------------------------------------------------------------------+
; Parameter Name ; Value ; Type                                                                       ;
+----------------+-------+----------------------------------------------------------------------------+
; n              ; 4     ; Signed Integer                                                             ;
+----------------+-------+----------------------------------------------------------------------------+
Note: In order to hide this table in the UI and the text report file, please set the "Show Parameter Settings Tables in Synthesis Report" option in "Analysis and Synthesis Settings -> More Settings" to "Off".


+----------------------------------------------------------------------+
; Parameter Settings for User Entity Instance: mux_4_to_1_16_bits:MUXX ;
+----------------+-------+---------------------------------------------+
; Parameter Name ; Value ; Type                                        ;
+----------------+-------+---------------------------------------------+
; n              ; 16    ; Signed Integer                              ;
+----------------+-------+---------------------------------------------+
Note: In order to hide this table in the UI and the text report file, please set the "Show Parameter Settings Tables in Synthesis Report" option in "Analysis and Synthesis Settings -> More Settings" to "Off".


+---------------------------------------------------------------+
; Parameter Settings for User Entity Instance: parallel_reg:ACC ;
+----------------+-------+--------------------------------------+
; Parameter Name ; Value ; Type                                 ;
+----------------+-------+--------------------------------------+
; n              ; 16    ; Signed Integer                       ;
+----------------+-------+--------------------------------------+
Note: In order to hide this table in the UI and the text report file, please set the "Show Parameter Settings Tables in Synthesis Report" option in "Analysis and Synthesis Settings -> More Settings" to "Off".


+-------------------------------+
; Analysis & Synthesis Messages ;
+-------------------------------+
Info: *******************************************************************
Info: Running Quartus II Analysis & Synthesis
    Info: Version 7.2 Build 151 09/26/2007 SJ Full Version
    Info: Processing started: Wed Dec 16 20:06:31 2015
Info: Command: quartus_map --read_settings_files=on --write_settings_files=off ALU_ACC -c ALU_ACC
Info: Found 2 design units, including 1 entities, in source file ../carry_look_ahead/carry_look_ahead.vhd
    Info: Found design unit 1: carry_look_ahead-arc
    Info: Found entity 1: carry_look_ahead
Info: Found 4 design units, including 2 entities, in source file ../parallel_reg/parallel_reg.vhd
    Info: Found design unit 1: D_FF-dff_arc
    Info: Found design unit 2: parallel_reg-struct
    Info: Found entity 1: D_FF
    Info: Found entity 2: parallel_reg
Info: Found 3 design units, including 1 entities, in source file ../look_ahead_16bits/look_ahead_16bits.vhd
    Info: Found design unit 1: cla_4bits
    Info: Found design unit 2: look_ahead_16bits-cla_16bits_arc
    Info: Found entity 1: look_ahead_16bits
Info: Found 2 design units, including 1 entities, in source file ../mux_4_to_1_16_bits/mux_4_to_1_16_bits.vhd
    Info: Found design unit 1: mux_4_to_1_16_bits-arc
    Info: Found entity 1: mux_4_to_1_16_bits
Info: Found 3 design units, including 1 entities, in source file ALU_ACC.vhd
    Info: Found design unit 1: cla_reg_mux
    Info: Found design unit 2: ALU_ACC-alu_1_arc
    Info: Found entity 1: ALU_ACC
Info: Elaborating entity "ALU_ACC" for the top level hierarchy
Info: Elaborating entity "look_ahead_16bits" for hierarchy "look_ahead_16bits:ADD_SUB_ACTION"
Info: Elaborating entity "carry_look_ahead" for hierarchy "look_ahead_16bits:ADD_SUB_ACTION|carry_look_ahead:CLA0"
Info: Elaborating entity "mux_4_to_1_16_bits" for hierarchy "mux_4_to_1_16_bits:MUXX"
Info: Elaborating entity "parallel_reg" for hierarchy "parallel_reg:ACC"
Info: Elaborating entity "D_FF" for hierarchy "parallel_reg:ACC|D_FF:\F:0:DFF"
Info: Implemented 153 device resources after synthesis - the final resource count might be different
    Info: Implemented 21 input pins
    Info: Implemented 18 output pins
    Info: Implemented 114 logic cells
Info: Quartus II Analysis & Synthesis was successful. 0 errors, 0 warnings
    Info: Allocated 213 megabytes of memory during processing
    Info: Processing ended: Wed Dec 16 20:06:55 2015
    Info: Elapsed time: 00:00:24


